33.3987 	DEBUG 	Fullscreen settings ignored as running in pilot mode.
33.4080 	INFO 	Loaded monitor calibration from ['2024_08_06 08:33']
35.9358 	EXP 	Created window1 = Window(allowGUI=True, allowStencil=False, autoLog=True, backendConf=UNKNOWN, backgroundFit=<method-wrapper '__getattribute__' of attributeSetter object at 0x00000172ECD46190>, backgroundImage=<method-wrapper '__getattribute__' of attributeSetter object at 0x00000172ECD46130>, bitsMode=UNKNOWN, blendMode='avg', bpc=(8, 8, 8), color=array([-1., -1., -1.]), colorSpace='rgb', depthBits=8, fullscr=<method-wrapper '__getattribute__' of attributeSetter object at 0x00000172ECD43F40>, gamma=None, gammaErrorPolicy='raise', infoMsg=UNKNOWN, lms=UNKNOWN, monitor=<psychopy.monitors.calibTools.Monitor object at 0x00000172ED1E3100>, multiSample=False, name='window1', numSamples=2, pos=[283.0, 84.0], screen=0, size=array([800, 600]), stencilBits=0, stereo=False, title='PsychoPy', units='height', useFBO=True, useRetina=False, viewOri=0.0, viewPos=None, viewScale=None, waitBlanking=True, winType='pyglet')
35.9360 	EXP 	window1: backgroundImage = ''
35.9361 	EXP 	window1: backgroundFit = 'none'
35.9366 	EXP 	window1: mouseVisible = <method-wrapper '__getattribute__' of attributeSetter object at 0x00000172ECD462B0>
35.9374 	EXP 	window1: mouseVisible = <method-wrapper '__getattribute__' of attributeSetter object at 0x00000172ECD462B0>
35.9431 	EXP 	window1: mouseVisible = <method-wrapper '__getattribute__' of attributeSetter object at 0x00000172ECD462B0>
35.9443 	EXP 	window1: mouseVisible = <method-wrapper '__getattribute__' of attributeSetter object at 0x00000172ECD462B0>
36.0005 	DEBUG 	TextBox2 loaded 1 chars with 0 blanks and 1 valid
36.0058 	DEBUG 	TextBox2 loaded 1 chars with 0 blanks and 1 valid
36.0126 	DEBUG 	TextBox2 loaded 1 chars with 0 blanks and 1 valid
36.0183 	DEBUG 	TextBox2 loaded 1 chars with 0 blanks and 1 valid
36.0225 	DEBUG 	TextBox2 loaded 1 chars with 0 blanks and 1 valid
36.0252 	DEBUG 	TextBox2 loaded 1 chars with 0 blanks and 1 valid
36.0288 	DEBUG 	TextBox2 loaded 1 chars with 0 blanks and 1 valid
36.0337 	DEBUG 	TextBox2 loaded 1 chars with 0 blanks and 1 valid
36.0370 	DEBUG 	TextBox2 loaded 1 chars with 0 blanks and 1 valid
36.0398 	DEBUG 	TextBox2 loaded 1 chars with 0 blanks and 1 valid
36.0448 	DEBUG 	TextBox2 loaded 1 chars with 0 blanks and 1 valid
36.0500 	DEBUG 	TextBox2 loaded 1 chars with 0 blanks and 1 valid
36.0549 	DEBUG 	TextBox2 loaded 1 chars with 0 blanks and 1 valid
36.0592 	DEBUG 	TextBox2 loaded 1 chars with 0 blanks and 1 valid
36.0637 	DEBUG 	TextBox2 loaded 1 chars with 0 blanks and 1 valid
36.0684 	DEBUG 	TextBox2 loaded 1 chars with 0 blanks and 1 valid
36.0729 	DEBUG 	TextBox2 loaded 1 chars with 0 blanks and 1 valid
36.0761 	DEBUG 	TextBox2 loaded 1 chars with 0 blanks and 1 valid
36.0792 	DEBUG 	TextBox2 loaded 1 chars with 0 blanks and 1 valid
36.0847 	DEBUG 	TextBox2 loaded 1 chars with 0 blanks and 1 valid
36.0883 	DEBUG 	TextBox2 loaded 1 chars with 0 blanks and 1 valid
36.0892 	DEBUG 	Uploading Texture Font fontname to graphics card
36.1172 	DEBUG 	Upload of Texture Font fontname complete
36.1243 	EXP 	window1: mouseVisible = <method-wrapper '__getattribute__' of attributeSetter object at 0x00000172ECD462B0>
36.1254 	EXP 	window1: mouseVisible = <method-wrapper '__getattribute__' of attributeSetter object at 0x00000172ECD462B0>
36.1278 	EXP 	window1: mouseVisible = <method-wrapper '__getattribute__' of attributeSetter object at 0x00000172ECD462B0>
36.1295 	EXP 	window1: mouseVisible = <method-wrapper '__getattribute__' of attributeSetter object at 0x00000172ECD462B0>
36.1775 	DEBUG 	TextBox2 loaded 1 chars with 0 blanks and 1 valid
36.1811 	DEBUG 	TextBox2 loaded 1 chars with 0 blanks and 1 valid
36.1857 	DEBUG 	TextBox2 loaded 1 chars with 0 blanks and 1 valid
36.1866 	DEBUG 	Uploading Texture Font fontname to graphics card
36.2190 	DEBUG 	Upload of Texture Font fontname complete
36.2266 	EXP 	window1: Attempting to measure frame rate of screen (0) ...
36.2266 	EXP 	window1: recordFrameIntervals = False
36.4383 	EXP 	window1: recordFrameIntervals = True
36.6192 	WARNING 	t of last frame was 31.07ms (=1/32)
36.6857 	WARNING 	t of last frame was 31.94ms (=1/31)
36.8197 	WARNING 	t of last frame was 32.75ms (=1/30)
36.8531 	WARNING 	t of last frame was 33.36ms (=1/29)
37.3866 	EXP 	Screen (0) actual frame rate measured at 60.15Hz
37.3867 	EXP 	window1: recordFrameIntervals = False
37.3870 	EXP 	window1: mouseVisible = False
37.3875 	EXP 	window1: mouseVisible = False
37.3877 	EXP 	window1: mouseVisible = False
37.3887 	EXP 	window1: mouseVisible = False
37.3895 	EXP 	window1: mouseVisible = False
37.4130 	DEBUG 	TextBox2 loaded 1 chars with 0 blanks and 1 valid
37.4142 	DEBUG 	TextBox2 loaded 1 chars with 0 blanks and 1 valid
37.4182 	DEBUG 	TextBox2 loaded 1 chars with 0 blanks and 1 valid
37.4212 	DEBUG 	TextBox2 loaded 1 chars with 0 blanks and 1 valid
37.4233 	DEBUG 	TextBox2 loaded 1 chars with 0 blanks and 1 valid
37.4249 	DEBUG 	TextBox2 loaded 1 chars with 0 blanks and 1 valid
37.4259 	DEBUG 	TextBox2 loaded 1 chars with 0 blanks and 1 valid
37.4273 	DEBUG 	TextBox2 loaded 1 chars with 0 blanks and 1 valid
37.4287 	DEBUG 	TextBox2 loaded 1 chars with 0 blanks and 1 valid
37.4304 	DEBUG 	TextBox2 loaded 1 chars with 0 blanks and 1 valid
37.4314 	DEBUG 	Uploading Texture Font fontname to graphics card
37.4324 	DEBUG 	Upload of Texture Font fontname complete
37.4358 	EXP 	window1: mouseVisible = False
37.4362 	EXP 	window1: mouseVisible = False
37.4378 	EXP 	window1: mouseVisible = False
37.4394 	EXP 	window1: mouseVisible = False
37.5543 	WARNING 	launchHubServer: If using the iohub mouse or eyetracker devices, fullScr should be True.
37.8700 	INFO 	keyboard.Keyboard is using iohub backend.
37.8701 	INFO 	keyboard.Keyboard is using iohub backend.
37.8701 	INFO 	keyboard.Keyboard is using iohub backend.
37.8701 	EXP 	23_AUG_ADAP_STAIR: status = STARTED
37.8703 	EXP 	window1: mouseVisible = False
37.8773 	EXP 	Created image_2 = ImageStim(__class__=<class 'psychopy.visual.image.ImageStim'>, anchor=('center', 'center'), autoLog=True, color=array([1., 1., 1.]), colorSpace='rgb', contrast=1.0, depth=0.0, draggable=False, flipHoriz=False, flipVert=False, image=str(...), interpolate=True, mask=None, maskParams=None, name='image_2', opacity=1.0, ori=0.0, pos=array([0., 0.]), size=array([0.5, 0.5]), texRes=128.0, units='height', win=Window(...))
37.8776 	EXP 	window1: mouseVisible = False
38.0430 	EXP 	Created text = TextStim(__class__=<class 'psychopy.visual.text.TextStim'>, alignHoriz=method-wrapper(...), alignText='center', alignVert=method-wrapper(...), anchorHoriz='center', anchorVert='center', antialias=True, autoDraw=False, autoLog=True, bold=False, color=array([1., 1., 1.]), colorSpace='rgb', contrast=1.0, depth=0.0, draggable=False, flipHoriz=False, flipVert=False, font='Cooper Black', fontFiles=[], height=0.05, italic=False, languageStyle='LTR', name='text', opacity=1.0, ori=0.0, pos=array([0., 0.]), rgb=UNKNOWN, text=str(...), units='height', win=Window(...), wrapWidth=1)
38.0432 	EXP 	window1: mouseVisible = False
38.0454 	EXP 	Created fixation = ShapeStim(__class__=<class 'psychopy.visual.shape.ShapeStim'>, anchor=('center', 'center'), autoDraw=False, autoLog=True, closeShape=True, color=method-wrapper(...), colorSpace='rgb', contrast=None, depth=-1.0, draggable=False, fillColor=array([-1., -1., -1.]), fillColorSpace='rgb', fillRGB=array([-1., -1., -1.]), interpolate=True, lineColor=array([0.9608, 0.9608, 0.6471]), lineColorSpace='rgb', lineRGB=array([0.9608, 0.9608, 0.6471]), lineWidth=1.0, name='fixation', opacity=1.0, ori=0.0, pos=array([0., 0.]), size=array([0.07, 0.07]), units='height', vertices=ndarray(...), win=Window(...), windingRule=None)
38.0455 	EXP 	window1: mouseVisible = False
38.0504 	EXP 	Created grating = GratingStim(__class__=<class 'psychopy.visual.grating.GratingStim'>, anchor='center', autoDraw=False, autoLog=True, blendmode='avg', color=array([0.4608 , 0.4608 , 0.36275]), colorSpace='rgb', contrast=0.5, depth=-2.0, draggable=False, interpolate=True, mask='gauss', maskParams=None, name='grating', opacity=1.0, ori=1.0, phase=array([0., 0.]), pos=array([0., 0.]), rgbPedestal=array([0., 0., 0.]), sf=array([8., 8.]), size=array([0.3, 0.3]), tex='sin', texRes=128.0, units='height', win=Window(...))
38.0506 	EXP 	window1: mouseVisible = False
38.0552 	EXP 	Created text_5 = TextStim(__class__=<class 'psychopy.visual.text.TextStim'>, alignHoriz=method-wrapper(...), alignText='center', alignVert=method-wrapper(...), anchorHoriz='center', anchorVert='center', antialias=True, autoDraw=False, autoLog=True, bold=False, color=array([0.6471, 0.4118, 0.098 ]), colorSpace='rgb', contrast=1.0, depth=0.0, draggable=False, flipHoriz=False, flipVert=False, font='Cooper Black', fontFiles=[], height=0.05, italic=False, languageStyle='LTR', name='text_5', opacity=1.0, ori=0.0, pos=array([0., 0.]), rgb=UNKNOWN, text='Thank you for your participation. \n', units='height', win=Window(...), wrapWidth=1)
0.0886 	EXP 	image_2: autoDraw = True
2.0104 	INFO 	Keyboard events cleared
2.0095 	EXP 	image_2: autoDraw = False
2.0095 	EXP 	image_2: autoDraw = False
2.0095 	EXP 	text: autoDraw = True
14.5259 	DATA 	Keypress: capslock
18.0242 	WARNING 	Increasing number of minimum required reversals to the number of step sizes, (4).
18.0303 	DATA 	Keypress: space
18.0465 	EXP 	text: autoDraw = False
18.0465 	EXP 	grating: ori = -10.0
18.0465 	EXP 	fixation: autoDraw = True
18.2442 	EXP 	fixation: autoDraw = False
18.3283 	EXP 	grating: autoDraw = True
18.3283 	EXP 	grating: tex = 'sin'
18.6615 	EXP 	grating: autoDraw = False
19.0832 	DATA 	Keypress: z
19.0950 	EXP 	fixation: autoDraw = False
19.0950 	EXP 	grating: autoDraw = False
19.0950 	EXP 	grating: ori = -8.0
19.0950 	EXP 	fixation: autoDraw = True
19.2796 	EXP 	fixation: autoDraw = False
19.4119 	EXP 	grating: autoDraw = True
19.6955 	DATA 	Keypress: comma
19.7449 	EXP 	grating: autoDraw = False
21.5651 	DATA 	Keypress: m
21.5757 	EXP 	fixation: autoDraw = False
21.5757 	EXP 	grating: autoDraw = False
21.5757 	EXP 	grating: ori = -9.0
21.5757 	EXP 	fixation: autoDraw = True
21.7762 	EXP 	fixation: autoDraw = False
21.8766 	EXP 	grating: autoDraw = True
22.1742 	EXP 	grating: autoDraw = False
22.4839 	DATA 	Keypress: z
22.4913 	EXP 	fixation: autoDraw = False
22.4913 	EXP 	grating: autoDraw = False
22.4913 	EXP 	grating: ori = -9.0
22.4913 	EXP 	fixation: autoDraw = True
22.6911 	EXP 	fixation: autoDraw = False
22.7918 	EXP 	grating: autoDraw = True
23.0932 	DATA 	Keypress: z
23.1077 	EXP 	fixation: autoDraw = False
23.1077 	EXP 	grating: autoDraw = False
23.1077 	EXP 	grating: ori = 9.0
23.1077 	EXP 	fixation: autoDraw = True
23.2926 	EXP 	fixation: autoDraw = False
23.4244 	EXP 	grating: autoDraw = True
23.7211 	DATA 	Keypress: z
23.7398 	EXP 	grating: autoDraw = False
23.8406 	EXP 	fixation: autoDraw = False
23.8406 	EXP 	grating: autoDraw = False
23.8406 	EXP 	grating: ori = -10.0
23.8406 	EXP 	fixation: autoDraw = True
24.0404 	EXP 	fixation: autoDraw = False
24.1404 	EXP 	grating: autoDraw = True
24.4565 	EXP 	grating: autoDraw = False
24.4726 	DATA 	Keypress: z
24.4900 	EXP 	fixation: autoDraw = False
24.4900 	EXP 	grating: autoDraw = False
24.4900 	EXP 	grating: ori = -10.0
24.4900 	EXP 	fixation: autoDraw = True
24.6742 	EXP 	fixation: autoDraw = False
24.8066 	EXP 	grating: autoDraw = True
25.1394 	EXP 	grating: autoDraw = False
25.1940 	DATA 	Keypress: z
25.2059 	EXP 	fixation: autoDraw = False
25.2059 	EXP 	grating: autoDraw = False
25.2059 	EXP 	grating: ori = 10.0
25.2059 	EXP 	fixation: autoDraw = True
25.4060 	EXP 	fixation: autoDraw = False
25.4894 	EXP 	grating: autoDraw = True
25.8060 	EXP 	grating: autoDraw = False
25.9451 	DATA 	Keypress: m
26.0558 	EXP 	fixation: autoDraw = False
26.0558 	EXP 	grating: autoDraw = False
26.0558 	EXP 	grating: ori = 9.0
26.0558 	EXP 	fixation: autoDraw = True
26.2531 	EXP 	fixation: autoDraw = False
26.3545 	EXP 	grating: autoDraw = True
26.6521 	EXP 	grating: autoDraw = False
26.7255 	DATA 	Keypress: m
26.8879 	EXP 	fixation: autoDraw = False
26.8879 	EXP 	grating: autoDraw = False
26.8879 	EXP 	grating: ori = -9.0
26.8879 	EXP 	fixation: autoDraw = True
27.0873 	EXP 	fixation: autoDraw = False
27.1886 	EXP 	grating: autoDraw = True
27.5050 	EXP 	grating: autoDraw = False
27.6050 	DATA 	Keypress: z
27.6202 	EXP 	fixation: autoDraw = False
27.6202 	EXP 	grating: autoDraw = False
27.6202 	EXP 	grating: ori = -9.0
27.6202 	EXP 	fixation: autoDraw = True
27.8197 	EXP 	fixation: autoDraw = False
27.9367 	EXP 	grating: autoDraw = True
28.2524 	EXP 	grating: autoDraw = False
28.2901 	DATA 	Keypress: z
28.3029 	EXP 	fixation: autoDraw = False
28.3029 	EXP 	grating: autoDraw = False
28.3029 	EXP 	grating: ori = -8.0
28.3029 	EXP 	fixation: autoDraw = True
28.5028 	EXP 	fixation: autoDraw = False
28.6026 	EXP 	grating: autoDraw = True
28.9187 	EXP 	grating: autoDraw = False
28.9356 	DATA 	Keypress: z
28.9507 	EXP 	fixation: autoDraw = False
28.9507 	EXP 	grating: autoDraw = False
28.9507 	EXP 	grating: ori = 8.0
28.9507 	EXP 	fixation: autoDraw = True
29.1508 	EXP 	fixation: autoDraw = False
29.2529 	EXP 	grating: autoDraw = True
29.5850 	EXP 	grating: autoDraw = False
29.6713 	DATA 	Keypress: m
29.6844 	EXP 	fixation: autoDraw = False
29.6844 	EXP 	grating: autoDraw = False
29.6844 	EXP 	grating: ori = -8.0
29.6844 	EXP 	fixation: autoDraw = True
29.8682 	EXP 	fixation: autoDraw = False
29.9847 	EXP 	grating: autoDraw = True
30.3176 	EXP 	grating: autoDraw = False
30.3703 	DATA 	Keypress: z
30.3826 	EXP 	fixation: autoDraw = False
30.3826 	EXP 	grating: autoDraw = False
30.3826 	EXP 	grating: ori = 7.0
30.3826 	EXP 	fixation: autoDraw = True
30.5661 	EXP 	fixation: autoDraw = False
30.6836 	EXP 	grating: autoDraw = True
31.0002 	EXP 	grating: autoDraw = False
31.0452 	DATA 	Keypress: m
31.1996 	EXP 	fixation: autoDraw = False
31.1996 	EXP 	grating: autoDraw = False
31.1996 	EXP 	grating: ori = 7.0
31.1996 	EXP 	fixation: autoDraw = True
31.4335 	EXP 	fixation: autoDraw = False
31.4989 	EXP 	grating: autoDraw = True
31.8162 	EXP 	grating: autoDraw = False
31.9376 	DATA 	Keypress: m
31.9492 	EXP 	fixation: autoDraw = False
31.9492 	EXP 	grating: autoDraw = False
31.9492 	EXP 	grating: ori = 7.0
31.9492 	EXP 	fixation: autoDraw = True
32.1814 	EXP 	fixation: autoDraw = False
32.2499 	EXP 	grating: autoDraw = True
32.5818 	EXP 	grating: autoDraw = False
32.6378 	DATA 	Keypress: m
32.6491 	EXP 	fixation: autoDraw = False
32.6491 	EXP 	grating: autoDraw = False
32.6491 	EXP 	grating: ori = -6.0
32.6491 	EXP 	fixation: autoDraw = True
32.8650 	EXP 	fixation: autoDraw = False
32.9817 	EXP 	grating: autoDraw = True
33.3145 	EXP 	grating: autoDraw = False
33.3295 	DATA 	Keypress: m
33.3480 	EXP 	fixation: autoDraw = False
33.3480 	EXP 	grating: autoDraw = False
33.3480 	EXP 	grating: ori = 6.5
33.3480 	EXP 	fixation: autoDraw = True
33.5476 	EXP 	fixation: autoDraw = False
33.6478 	EXP 	grating: autoDraw = True
33.9797 	EXP 	grating: autoDraw = False
34.0307 	DATA 	Keypress: m
34.0468 	EXP 	fixation: autoDraw = False
34.0468 	EXP 	grating: autoDraw = False
34.0468 	EXP 	grating: ori = 6.5
34.0468 	EXP 	fixation: autoDraw = True
34.2298 	EXP 	fixation: autoDraw = False
34.3470 	EXP 	grating: autoDraw = True
34.6462 	EXP 	grating: autoDraw = False
34.7351 	DATA 	Keypress: m
34.7460 	EXP 	fixation: autoDraw = False
34.7460 	EXP 	grating: autoDraw = False
34.7460 	EXP 	grating: ori = -6.5
34.7460 	EXP 	fixation: autoDraw = True
34.9798 	EXP 	fixation: autoDraw = False
35.0787 	EXP 	grating: autoDraw = True
35.4128 	EXP 	grating: autoDraw = False
35.5947 	DATA 	Keypress: z
35.6122 	EXP 	fixation: autoDraw = False
35.6122 	EXP 	grating: autoDraw = False
35.6122 	EXP 	grating: ori = -6.0
35.6122 	EXP 	fixation: autoDraw = True
35.8121 	EXP 	fixation: autoDraw = False
35.9124 	EXP 	grating: autoDraw = True
36.2273 	EXP 	grating: autoDraw = False
36.3016 	DATA 	Keypress: z
36.3122 	EXP 	fixation: autoDraw = False
36.3122 	EXP 	grating: autoDraw = False
36.3122 	EXP 	grating: ori = 6.0
36.3122 	EXP 	fixation: autoDraw = True
36.5098 	EXP 	fixation: autoDraw = False
36.6119 	EXP 	grating: autoDraw = True
36.9104 	EXP 	grating: autoDraw = False
36.9698 	DATA 	Keypress: z
36.9768 	EXP 	fixation: autoDraw = False
36.9768 	EXP 	grating: autoDraw = False
36.9768 	EXP 	grating: ori = 6.5
36.9768 	EXP 	fixation: autoDraw = True
37.1779 	EXP 	fixation: autoDraw = False
37.2766 	EXP 	grating: autoDraw = True
37.5356 	DATA 	Keypress: z
37.5436 	EXP 	fixation: autoDraw = False
37.5436 	EXP 	grating: autoDraw = False
37.5436 	EXP 	grating: ori = -7.0
37.5436 	EXP 	fixation: autoDraw = True
37.7447 	EXP 	fixation: autoDraw = False
37.8440 	EXP 	grating: autoDraw = True
38.1764 	EXP 	grating: autoDraw = False
38.3638 	DATA 	Keypress: z
38.3762 	EXP 	fixation: autoDraw = False
38.3762 	EXP 	grating: autoDraw = False
38.3762 	EXP 	grating: ori = 7.0
38.3762 	EXP 	fixation: autoDraw = True
38.5761 	EXP 	fixation: autoDraw = False
38.6585 	EXP 	grating: autoDraw = True
38.9911 	EXP 	grating: autoDraw = False
39.6290 	DATA 	Keypress: m
39.7244 	EXP 	fixation: autoDraw = False
39.7244 	EXP 	grating: autoDraw = False
39.7244 	EXP 	grating: ori = 7.0
39.7244 	EXP 	fixation: autoDraw = True
39.9241 	EXP 	fixation: autoDraw = False
40.0240 	EXP 	grating: autoDraw = True
40.2846 	DATA 	Keypress: z
40.3238 	EXP 	grating: autoDraw = False
42.0119 	DATA 	Keypress: z
42.1548 	EXP 	fixation: autoDraw = False
42.1548 	EXP 	grating: autoDraw = False
42.1548 	EXP 	grating: ori = -7.5
42.1548 	EXP 	fixation: autoDraw = True
42.3549 	EXP 	fixation: autoDraw = False
42.4556 	EXP 	grating: autoDraw = True
42.7699 	EXP 	grating: autoDraw = False
42.8143 	DATA 	Keypress: z
42.8379 	EXP 	fixation: autoDraw = False
42.8379 	EXP 	grating: autoDraw = False
42.8379 	EXP 	grating: ori = -7.5
42.8379 	EXP 	fixation: autoDraw = True
43.0396 	EXP 	fixation: autoDraw = False
43.1398 	EXP 	grating: autoDraw = True
43.4544 	EXP 	grating: autoDraw = False
43.5192 	DATA 	Keypress: z
43.5376 	EXP 	fixation: autoDraw = False
43.5376 	EXP 	grating: autoDraw = False
43.5376 	EXP 	grating: ori = 7.5
43.5376 	EXP 	fixation: autoDraw = True
43.7379 	EXP 	fixation: autoDraw = False
43.8539 	EXP 	grating: autoDraw = True
44.1713 	EXP 	grating: autoDraw = False
44.3205 	DATA 	Keypress: m
44.3367 	EXP 	fixation: autoDraw = False
44.3367 	EXP 	grating: autoDraw = False
44.3367 	EXP 	grating: ori = 7.0
44.3367 	EXP 	fixation: autoDraw = True
44.5203 	EXP 	fixation: autoDraw = False
44.6201 	EXP 	grating: autoDraw = True
44.9193 	EXP 	grating: autoDraw = False
45.0924 	DATA 	Keypress: m
45.1872 	EXP 	fixation: autoDraw = False
45.1872 	EXP 	grating: autoDraw = False
45.1872 	EXP 	grating: ori = 7.0
45.1872 	EXP 	fixation: autoDraw = True
45.3850 	EXP 	fixation: autoDraw = False
45.4854 	EXP 	grating: autoDraw = True
45.7854 	EXP 	grating: autoDraw = False
45.8263 	DATA 	Keypress: m
45.8354 	EXP 	fixation: autoDraw = False
45.8354 	EXP 	grating: autoDraw = False
45.8354 	EXP 	grating: ori = 7.0
45.8354 	EXP 	fixation: autoDraw = True
46.0338 	EXP 	fixation: autoDraw = False
46.1353 	EXP 	grating: autoDraw = True
46.4341 	EXP 	grating: autoDraw = False
46.4797 	DATA 	Keypress: m
46.5009 	EXP 	fixation: autoDraw = False
46.5009 	EXP 	grating: autoDraw = False
46.5009 	EXP 	grating: ori = -6.5
46.5009 	EXP 	fixation: autoDraw = True
46.6844 	EXP 	fixation: autoDraw = False
46.7834 	EXP 	grating: autoDraw = True
47.0845 	EXP 	grating: autoDraw = False
47.2139 	DATA 	Keypress: z
47.2339 	EXP 	fixation: autoDraw = False
47.2339 	EXP 	grating: autoDraw = False
47.2339 	EXP 	grating: ori = 6.5
47.2339 	EXP 	fixation: autoDraw = True
47.4331 	EXP 	fixation: autoDraw = False
47.5494 	EXP 	grating: autoDraw = True
47.8833 	EXP 	grating: autoDraw = False
48.0384 	DATA 	Keypress: m
48.0491 	EXP 	fixation: autoDraw = False
48.0491 	EXP 	grating: autoDraw = False
48.0491 	EXP 	grating: ori = 6.5
48.0491 	EXP 	fixation: autoDraw = True
48.2495 	EXP 	fixation: autoDraw = False
48.3826 	EXP 	grating: autoDraw = True
48.7157 	EXP 	grating: autoDraw = False
48.9036 	DATA 	Keypress: m
49.7450 	DATA 	Keypress: m
50.2753 	DATA 	Keypress: m
50.2970 	EXP 	fixation: autoDraw = False
50.2970 	EXP 	grating: autoDraw = False
50.2970 	EXP 	grating: ori = 6.0
50.2970 	EXP 	fixation: autoDraw = True
50.4811 	EXP 	fixation: autoDraw = False
50.5801 	EXP 	grating: autoDraw = True
50.8810 	EXP 	grating: autoDraw = False
50.9279 	DATA 	Keypress: z
50.9461 	EXP 	fixation: autoDraw = False
50.9461 	EXP 	grating: autoDraw = False
50.9461 	EXP 	grating: ori = 6.5
50.9461 	EXP 	fixation: autoDraw = True
51.1299 	EXP 	fixation: autoDraw = False
51.2462 	EXP 	grating: autoDraw = True
51.5463 	EXP 	grating: autoDraw = False
51.5843 	DATA 	Keypress: z
51.5959 	EXP 	fixation: autoDraw = False
51.5959 	EXP 	grating: autoDraw = False
51.5959 	EXP 	grating: ori = 7.0
51.5959 	EXP 	fixation: autoDraw = True
51.7954 	EXP 	fixation: autoDraw = False
51.8957 	EXP 	grating: autoDraw = True
52.1954 	EXP 	grating: autoDraw = False
52.2393 	DATA 	Keypress: m
52.2460 	EXP 	fixation: autoDraw = False
52.2460 	EXP 	grating: autoDraw = False
52.2460 	EXP 	grating: ori = -7.0
52.2460 	EXP 	fixation: autoDraw = True
52.4454 	EXP 	fixation: autoDraw = False
52.5456 	EXP 	grating: autoDraw = True
52.8619 	EXP 	grating: autoDraw = False
53.0721 	DATA 	Keypress: z
53.0767 	EXP 	fixation: autoDraw = False
53.0767 	EXP 	grating: autoDraw = False
53.0767 	EXP 	grating: ori = 7.0
53.0767 	EXP 	fixation: autoDraw = True
53.2941 	EXP 	fixation: autoDraw = False
53.3781 	EXP 	grating: autoDraw = True
53.7117 	EXP 	grating: autoDraw = False
53.8624 	DATA 	Keypress: m
53.8770 	EXP 	fixation: autoDraw = False
53.8770 	EXP 	grating: autoDraw = False
53.8770 	EXP 	grating: ori = -6.5
53.8770 	EXP 	fixation: autoDraw = True
54.0769 	EXP 	fixation: autoDraw = False
54.1784 	EXP 	grating: autoDraw = True
54.5099 	EXP 	grating: autoDraw = False
54.5958 	DATA 	Keypress: z
54.6098 	EXP 	fixation: autoDraw = False
54.6098 	EXP 	grating: autoDraw = False
54.6098 	EXP 	grating: ori = 6.5
54.6098 	EXP 	fixation: autoDraw = True
54.7941 	EXP 	fixation: autoDraw = False
54.8927 	EXP 	grating: autoDraw = True
55.1845 	DATA 	Keypress: m
55.1932 	EXP 	grating: autoDraw = False
55.1932 	EXP 	fixation: autoDraw = False
55.1932 	EXP 	grating: autoDraw = False
55.1932 	EXP 	grating: ori = 6.5
55.1932 	EXP 	fixation: autoDraw = True
55.3922 	EXP 	fixation: autoDraw = False
55.4927 	EXP 	grating: autoDraw = True
55.7908 	DATA 	Keypress: m
55.8084 	EXP 	grating: autoDraw = False
55.8084 	EXP 	fixation: autoDraw = False
55.8084 	EXP 	grating: autoDraw = False
55.8084 	EXP 	grating: ori = -6.0
55.8084 	EXP 	fixation: autoDraw = True
55.9929 	EXP 	fixation: autoDraw = False
56.1250 	EXP 	grating: autoDraw = True
56.4450 	DATA 	Keypress: m
56.4581 	EXP 	grating: autoDraw = False
56.4581 	EXP 	fixation: autoDraw = False
56.4581 	EXP 	grating: autoDraw = False
56.4581 	EXP 	grating: ori = -6.5
56.4581 	EXP 	fixation: autoDraw = True
56.6581 	EXP 	fixation: autoDraw = False
56.7577 	EXP 	grating: autoDraw = True
57.0589 	EXP 	grating: autoDraw = False
57.1719 	DATA 	Keypress: m
57.1899 	EXP 	fixation: autoDraw = False
57.1899 	EXP 	grating: autoDraw = False
57.1899 	EXP 	grating: ori = -7.0
57.1899 	EXP 	fixation: autoDraw = True
57.3909 	EXP 	fixation: autoDraw = False
57.4900 	EXP 	grating: autoDraw = True
57.8071 	EXP 	grating: autoDraw = False
57.8900 	DATA 	Keypress: z
57.9066 	EXP 	fixation: autoDraw = False
57.9066 	EXP 	grating: autoDraw = False
57.9066 	EXP 	grating: ori = -7.0
57.9066 	EXP 	fixation: autoDraw = True
58.1072 	EXP 	fixation: autoDraw = False
58.2064 	EXP 	grating: autoDraw = True
58.5408 	EXP 	grating: autoDraw = False
58.5994 	DATA 	Keypress: z
58.6391 	EXP 	fixation: autoDraw = False
58.6391 	EXP 	grating: autoDraw = False
58.6391 	EXP 	grating: ori = 7.0
58.6391 	EXP 	fixation: autoDraw = True
58.8223 	EXP 	fixation: autoDraw = False
58.9233 	EXP 	grating: autoDraw = True
59.2207 	EXP 	grating: autoDraw = False
59.5172 	DATA 	Keypress: m
59.5377 	EXP 	fixation: autoDraw = False
59.5377 	EXP 	grating: autoDraw = False
59.5377 	EXP 	grating: ori = 6.5
59.5377 	EXP 	fixation: autoDraw = True
59.7213 	EXP 	fixation: autoDraw = False
59.8222 	EXP 	grating: autoDraw = True
60.1376 	EXP 	grating: autoDraw = False
60.2783 	DATA 	Keypress: m
60.3704 	EXP 	fixation: autoDraw = False
60.3704 	EXP 	grating: autoDraw = False
60.3704 	EXP 	grating: ori = -6.5
60.3704 	EXP 	fixation: autoDraw = True
60.5712 	EXP 	fixation: autoDraw = False
60.6702 	EXP 	grating: autoDraw = True
60.9707 	EXP 	grating: autoDraw = False
60.9800 	DATA 	Keypress: m
60.9864 	EXP 	fixation: autoDraw = False
60.9864 	EXP 	grating: autoDraw = False
60.9864 	EXP 	grating: ori = -7.0
60.9864 	EXP 	fixation: autoDraw = True
61.1862 	EXP 	fixation: autoDraw = False
61.2868 	EXP 	grating: autoDraw = True
61.5868 	EXP 	grating: autoDraw = False
61.6955 	DATA 	Keypress: z
63.3604 	DATA 	Keypress: z
63.3679 	EXP 	fixation: autoDraw = False
63.3679 	EXP 	grating: autoDraw = False
63.3679 	EXP 	grating: ori = 7.0
63.3679 	EXP 	fixation: autoDraw = True
63.5680 	EXP 	fixation: autoDraw = False
63.6687 	EXP 	grating: autoDraw = True
64.0168 	EXP 	grating: autoDraw = False
64.0795 	DATA 	Keypress: m
64.1347 	EXP 	fixation: autoDraw = False
64.1347 	EXP 	grating: autoDraw = False
64.1347 	EXP 	grating: ori = -7.0
64.1347 	EXP 	fixation: autoDraw = True
64.3173 	EXP 	fixation: autoDraw = False
64.4156 	EXP 	grating: autoDraw = True
64.7172 	EXP 	grating: autoDraw = False
64.7531 	DATA 	Keypress: m
65.4245 	DATA 	Keypress: z
65.4330 	EXP 	fixation: autoDraw = False
65.4330 	EXP 	grating: autoDraw = False
65.4330 	EXP 	grating: ori = -6.5
65.4330 	EXP 	fixation: autoDraw = True
65.6325 	EXP 	fixation: autoDraw = False
65.7322 	EXP 	grating: autoDraw = True
66.0481 	EXP 	grating: autoDraw = False
66.1069 	DATA 	Keypress: z
66.1151 	EXP 	fixation: autoDraw = False
66.1151 	EXP 	grating: autoDraw = False
66.1151 	EXP 	grating: ori = 6.5
66.1151 	EXP 	fixation: autoDraw = True
66.3150 	EXP 	fixation: autoDraw = False
66.4160 	EXP 	grating: autoDraw = True
66.7301 	EXP 	grating: autoDraw = False
66.8570 	DATA 	Keypress: m
66.8644 	EXP 	fixation: autoDraw = False
66.8644 	EXP 	grating: autoDraw = False
66.8644 	EXP 	grating: ori = -6.5
66.8644 	EXP 	fixation: autoDraw = True
67.0643 	EXP 	fixation: autoDraw = False
67.1647 	EXP 	grating: autoDraw = True
67.4634 	EXP 	grating: autoDraw = False
67.6880 	DATA 	Keypress: z
67.6965 	EXP 	fixation: autoDraw = False
67.6965 	EXP 	grating: autoDraw = False
67.6965 	EXP 	grating: ori = -6.0
67.6965 	EXP 	fixation: autoDraw = True
67.8970 	EXP 	fixation: autoDraw = False
67.9953 	EXP 	grating: autoDraw = True
68.2962 	EXP 	grating: autoDraw = False
68.4042 	DATA 	Keypress: m
68.4114 	EXP 	fixation: autoDraw = False
68.4114 	EXP 	grating: autoDraw = False
68.4114 	EXP 	grating: ori = 6.5
68.4114 	EXP 	fixation: autoDraw = True
68.6127 	EXP 	fixation: autoDraw = False
68.7140 	EXP 	grating: autoDraw = True
69.0287 	EXP 	grating: autoDraw = False
69.1437 	DATA 	Keypress: m
69.1626 	EXP 	fixation: autoDraw = False
69.1626 	EXP 	grating: autoDraw = False
69.1626 	EXP 	grating: ori = 6.5
69.1626 	EXP 	fixation: autoDraw = True
69.3463 	EXP 	fixation: autoDraw = False
69.4440 	EXP 	grating: autoDraw = True
69.7621 	EXP 	grating: autoDraw = False
69.9158 	DATA 	Keypress: m
69.9280 	EXP 	fixation: autoDraw = False
69.9280 	EXP 	grating: autoDraw = False
69.9280 	EXP 	grating: ori = -6.5
69.9280 	EXP 	fixation: autoDraw = True
70.1614 	EXP 	fixation: autoDraw = False
70.2279 	EXP 	grating: autoDraw = True
70.5622 	EXP 	grating: autoDraw = False
70.7490 	DATA 	Keypress: z
70.7609 	EXP 	fixation: autoDraw = False
70.7609 	EXP 	grating: autoDraw = False
70.7609 	EXP 	grating: ori = -6.0
70.7609 	EXP 	fixation: autoDraw = True
70.9771 	EXP 	fixation: autoDraw = False
71.0770 	EXP 	grating: autoDraw = True
71.3771 	EXP 	grating: autoDraw = False
71.4150 	DATA 	Keypress: z
71.4262 	EXP 	fixation: autoDraw = False
71.4262 	EXP 	grating: autoDraw = False
71.4262 	EXP 	grating: ori = -6.0
71.4262 	EXP 	fixation: autoDraw = True
71.6270 	EXP 	fixation: autoDraw = False
71.7592 	EXP 	grating: autoDraw = True
72.0590 	EXP 	grating: autoDraw = False
72.1195 	DATA 	Keypress: z
72.8011 	DATA 	Keypress: z
72.8103 	EXP 	fixation: autoDraw = False
72.8103 	EXP 	grating: autoDraw = False
72.8103 	EXP 	grating: ori = 6.0
72.8103 	EXP 	fixation: autoDraw = True
73.0069 	EXP 	fixation: autoDraw = False
73.1085 	EXP 	grating: autoDraw = True
73.4080 	EXP 	grating: autoDraw = False
73.6606 	DATA 	Keypress: m
73.7728 	EXP 	fixation: autoDraw = False
73.7728 	EXP 	grating: autoDraw = False
73.7728 	EXP 	grating: ori = 5.5
73.7728 	EXP 	fixation: autoDraw = True
73.9573 	EXP 	fixation: autoDraw = False
74.0577 	EXP 	grating: autoDraw = True
74.3591 	EXP 	grating: autoDraw = False
74.5998 	DATA 	Keypress: m
74.6069 	EXP 	fixation: autoDraw = False
74.6069 	EXP 	grating: autoDraw = False
74.6069 	EXP 	grating: ori = -5.5
74.6069 	EXP 	fixation: autoDraw = True
74.8077 	EXP 	fixation: autoDraw = False
74.9071 	EXP 	grating: autoDraw = True
75.2128 	DATA 	Keypress: z
75.2234 	EXP 	grating: autoDraw = False
75.2234 	EXP 	fixation: autoDraw = False
75.2234 	EXP 	grating: autoDraw = False
75.2234 	EXP 	grating: ori = -5.5
75.2234 	EXP 	fixation: autoDraw = True
75.4228 	EXP 	fixation: autoDraw = False
75.5231 	EXP 	grating: autoDraw = True
75.8227 	EXP 	grating: autoDraw = False
75.8480 	DATA 	Keypress: z
75.8557 	EXP 	fixation: autoDraw = False
75.8557 	EXP 	grating: autoDraw = False
75.8557 	EXP 	grating: ori = 5.0
75.8557 	EXP 	fixation: autoDraw = True
76.0558 	EXP 	fixation: autoDraw = False
76.1552 	EXP 	grating: autoDraw = True
76.4556 	EXP 	grating: autoDraw = False
76.7129 	DATA 	Keypress: m
76.7211 	EXP 	fixation: autoDraw = False
76.7211 	EXP 	grating: autoDraw = False
76.7211 	EXP 	grating: ori = -5.0
76.7211 	EXP 	fixation: autoDraw = True
76.9212 	EXP 	fixation: autoDraw = False
77.0218 	EXP 	grating: autoDraw = True
77.3369 	EXP 	grating: autoDraw = False
77.4965 	DATA 	Keypress: z
77.5031 	EXP 	fixation: autoDraw = False
77.5031 	EXP 	grating: autoDraw = False
77.5031 	EXP 	grating: ori = -5.0
77.5031 	EXP 	fixation: autoDraw = True
77.7039 	EXP 	fixation: autoDraw = False
77.8033 	EXP 	grating: autoDraw = True
78.1033 	EXP 	grating: autoDraw = False
78.2116 	DATA 	Keypress: z
78.2199 	EXP 	fixation: autoDraw = False
78.2199 	EXP 	grating: autoDraw = False
78.2199 	EXP 	grating: ori = 4.5
78.2199 	EXP 	fixation: autoDraw = True
78.4197 	EXP 	fixation: autoDraw = False
78.5202 	EXP 	grating: autoDraw = True
78.8177 	EXP 	grating: autoDraw = False
78.8487 	DATA 	Keypress: z
78.8696 	EXP 	fixation: autoDraw = False
78.8696 	EXP 	grating: autoDraw = False
78.8696 	EXP 	grating: ori = -5.0
78.8696 	EXP 	fixation: autoDraw = True
79.0689 	EXP 	fixation: autoDraw = False
79.1691 	EXP 	grating: autoDraw = True
79.5033 	EXP 	grating: autoDraw = False
79.5908 	DATA 	Keypress: z
79.6025 	EXP 	fixation: autoDraw = False
79.6025 	EXP 	grating: autoDraw = False
79.6025 	EXP 	grating: ori = 5.0
79.6025 	EXP 	fixation: autoDraw = True
79.8022 	EXP 	fixation: autoDraw = False
79.9177 	EXP 	grating: autoDraw = True
80.2179 	EXP 	grating: autoDraw = False
80.3345 	DATA 	Keypress: m
80.3515 	EXP 	fixation: autoDraw = False
80.3515 	EXP 	grating: autoDraw = False
80.3515 	EXP 	grating: ori = 5.0
80.3515 	EXP 	fixation: autoDraw = True
80.5519 	EXP 	fixation: autoDraw = False
80.6499 	EXP 	grating: autoDraw = True
80.9674 	EXP 	grating: autoDraw = False
81.0391 	DATA 	Keypress: m
81.0510 	EXP 	fixation: autoDraw = False
81.0510 	EXP 	grating: autoDraw = False
81.0510 	EXP 	grating: ori = -4.5
81.0510 	EXP 	fixation: autoDraw = True
81.2500 	EXP 	fixation: autoDraw = False
81.3502 	EXP 	grating: autoDraw = True
81.6497 	EXP 	grating: autoDraw = False
81.7934 	DATA 	Keypress: z
81.7998 	EXP 	fixation: autoDraw = False
81.7998 	EXP 	grating: autoDraw = False
81.7998 	EXP 	grating: ori = -4.5
81.7998 	EXP 	fixation: autoDraw = True
82.0013 	EXP 	fixation: autoDraw = False
82.1170 	EXP 	grating: autoDraw = True
82.4500 	EXP 	grating: autoDraw = False
82.6688 	DATA 	Keypress: z
82.6821 	EXP 	fixation: autoDraw = False
82.6821 	EXP 	grating: autoDraw = False
82.6821 	EXP 	grating: ori = 4.5
82.6821 	EXP 	fixation: autoDraw = True
82.8662 	EXP 	fixation: autoDraw = False
82.9820 	EXP 	grating: autoDraw = True
83.3153 	EXP 	grating: autoDraw = False
83.4003 	DATA 	Keypress: m
83.4144 	EXP 	fixation: autoDraw = False
83.4144 	EXP 	grating: autoDraw = False
83.4144 	EXP 	grating: ori = -4.0
83.4144 	EXP 	fixation: autoDraw = True
83.6144 	EXP 	fixation: autoDraw = False
83.7144 	EXP 	grating: autoDraw = True
84.0345 	DATA 	Keypress: m
84.0477 	EXP 	grating: autoDraw = False
84.0477 	EXP 	fixation: autoDraw = False
84.0477 	EXP 	grating: autoDraw = False
84.0477 	EXP 	grating: ori = 4.5
84.0477 	EXP 	fixation: autoDraw = True
84.2319 	EXP 	fixation: autoDraw = False
84.3648 	EXP 	grating: autoDraw = True
84.6812 	EXP 	grating: autoDraw = False
84.6997 	DATA 	Keypress: m
84.7133 	EXP 	fixation: autoDraw = False
84.7133 	EXP 	grating: autoDraw = False
84.7133 	EXP 	grating: ori = -4.5
84.7133 	EXP 	fixation: autoDraw = True
84.9320 	EXP 	fixation: autoDraw = False
85.0300 	EXP 	grating: autoDraw = True
85.2885 	DATA 	Keypress: z
85.2963 	EXP 	fixation: autoDraw = False
85.2963 	EXP 	grating: autoDraw = False
85.2963 	EXP 	grating: ori = -4.5
85.2963 	EXP 	fixation: autoDraw = True
85.4962 	EXP 	fixation: autoDraw = False
85.5967 	EXP 	grating: autoDraw = True
85.8966 	EXP 	grating: autoDraw = False
85.9713 	DATA 	Keypress: z
85.9786 	EXP 	fixation: autoDraw = False
85.9786 	EXP 	grating: autoDraw = False
85.9786 	EXP 	grating: ori = -4.0
85.9786 	EXP 	fixation: autoDraw = True
86.1792 	EXP 	fixation: autoDraw = False
86.2797 	EXP 	grating: autoDraw = True
86.5970 	EXP 	grating: autoDraw = False
87.2073 	DATA 	Keypress: z
87.2272 	EXP 	fixation: autoDraw = False
87.2272 	EXP 	grating: autoDraw = False
87.2272 	EXP 	grating: ori = 4.0
87.2272 	EXP 	fixation: autoDraw = True
87.4110 	EXP 	fixation: autoDraw = False
87.5119 	EXP 	grating: autoDraw = True
87.7855 	DATA 	Keypress: m
87.7922 	EXP 	fixation: autoDraw = False
87.7922 	EXP 	grating: autoDraw = False
87.7922 	EXP 	grating: ori = 4.0
87.7922 	EXP 	fixation: autoDraw = True
87.9937 	EXP 	fixation: autoDraw = False
88.0929 	EXP 	grating: autoDraw = True
88.3930 	EXP 	grating: autoDraw = False
88.4696 	DATA 	Keypress: m
89.4597 	DATA 	Keypress: m
89.4754 	EXP 	fixation: autoDraw = False
89.4754 	EXP 	grating: autoDraw = False
89.4754 	EXP 	grating: ori = -3.5
89.4754 	EXP 	fixation: autoDraw = True
89.6742 	EXP 	fixation: autoDraw = False
89.7573 	EXP 	grating: autoDraw = True
90.0569 	EXP 	grating: autoDraw = False
90.1186 	DATA 	Keypress: z
90.1408 	EXP 	fixation: autoDraw = False
90.1408 	EXP 	grating: autoDraw = False
90.1408 	EXP 	grating: ori = 3.5
90.1408 	EXP 	fixation: autoDraw = True
90.3405 	EXP 	fixation: autoDraw = False
90.4567 	EXP 	grating: autoDraw = True
90.7562 	EXP 	grating: autoDraw = False
90.7827 	DATA 	Keypress: z
90.7898 	EXP 	fixation: autoDraw = False
90.7898 	EXP 	grating: autoDraw = False
90.7898 	EXP 	grating: ori = 4.0
90.7898 	EXP 	fixation: autoDraw = True
90.9920 	EXP 	fixation: autoDraw = False
91.1077 	EXP 	grating: autoDraw = True
91.4082 	EXP 	grating: autoDraw = False
91.4610 	DATA 	Keypress: z
91.4732 	EXP 	fixation: autoDraw = False
91.4732 	EXP 	grating: autoDraw = False
91.4732 	EXP 	grating: ori = 4.5
91.4732 	EXP 	fixation: autoDraw = True
91.6556 	EXP 	fixation: autoDraw = False
91.7553 	EXP 	grating: autoDraw = True
92.0729 	EXP 	grating: autoDraw = False
92.1394 	DATA 	Keypress: m
92.1554 	EXP 	fixation: autoDraw = False
92.1554 	EXP 	grating: autoDraw = False
92.1554 	EXP 	grating: ori = -4.5
92.1554 	EXP 	fixation: autoDraw = True
92.3559 	EXP 	fixation: autoDraw = False
92.4557 	EXP 	grating: autoDraw = True
92.7546 	EXP 	grating: autoDraw = False
92.9805 	DATA 	Keypress: z
92.9883 	EXP 	fixation: autoDraw = False
92.9883 	EXP 	grating: autoDraw = False
92.9883 	EXP 	grating: ori = 4.5
92.9883 	EXP 	fixation: autoDraw = True
93.1879 	EXP 	fixation: autoDraw = False
93.2883 	EXP 	grating: autoDraw = True
93.5879 	EXP 	grating: autoDraw = False
93.7076 	DATA 	Keypress: m
93.7209 	EXP 	fixation: autoDraw = False
93.7209 	EXP 	grating: autoDraw = False
93.7209 	EXP 	grating: ori = 4.0
93.7209 	EXP 	fixation: autoDraw = True
93.9216 	EXP 	fixation: autoDraw = False
94.0051 	EXP 	grating: autoDraw = True
94.3199 	EXP 	grating: autoDraw = False
94.3693 	DATA 	Keypress: m
94.4856 	EXP 	fixation: autoDraw = False
94.4856 	EXP 	grating: autoDraw = False
94.4856 	EXP 	grating: ori = 4.0
94.4856 	EXP 	fixation: autoDraw = True
94.6699 	EXP 	fixation: autoDraw = False
94.7874 	EXP 	grating: autoDraw = True
95.0920 	DATA 	Keypress: m
95.1028 	EXP 	grating: autoDraw = False
95.1028 	EXP 	fixation: autoDraw = False
95.1028 	EXP 	grating: autoDraw = False
95.1028 	EXP 	grating: ori = 4.0
95.1028 	EXP 	fixation: autoDraw = True
95.3024 	EXP 	fixation: autoDraw = False
95.4029 	EXP 	grating: autoDraw = True
95.7190 	EXP 	grating: autoDraw = False
95.7687 	DATA 	Keypress: m
95.7851 	EXP 	fixation: autoDraw = False
95.7851 	EXP 	grating: autoDraw = False
95.7851 	EXP 	grating: ori = 3.5
95.7851 	EXP 	fixation: autoDraw = True
96.0024 	EXP 	fixation: autoDraw = False
96.0854 	EXP 	grating: autoDraw = True
96.4017 	EXP 	grating: autoDraw = False
96.5190 	DATA 	Keypress: m
96.5354 	EXP 	fixation: autoDraw = False
96.5354 	EXP 	grating: autoDraw = False
96.5354 	EXP 	grating: ori = -3.5
96.5354 	EXP 	fixation: autoDraw = True
96.7347 	EXP 	fixation: autoDraw = False
96.8349 	EXP 	grating: autoDraw = True
97.1688 	EXP 	grating: autoDraw = False
97.2276 	DATA 	Keypress: z
97.2338 	EXP 	fixation: autoDraw = False
97.2338 	EXP 	grating: autoDraw = False
97.2338 	EXP 	grating: ori = -3.5
97.2338 	EXP 	fixation: autoDraw = True
97.4518 	EXP 	fixation: autoDraw = False
97.5675 	EXP 	grating: autoDraw = True
97.8841 	EXP 	grating: autoDraw = False
97.9376 	DATA 	Keypress: z
97.9505 	EXP 	fixation: autoDraw = False
97.9505 	EXP 	grating: autoDraw = False
97.9505 	EXP 	grating: ori = -3.0
97.9505 	EXP 	fixation: autoDraw = True
98.1502 	EXP 	fixation: autoDraw = False
98.2499 	EXP 	grating: autoDraw = True
98.5519 	EXP 	grating: autoDraw = False
98.5735 	DATA 	Keypress: m
98.5836 	EXP 	fixation: autoDraw = False
98.5836 	EXP 	grating: autoDraw = False
98.5836 	EXP 	grating: ori = -3.5
98.5836 	EXP 	fixation: autoDraw = True
98.8164 	EXP 	fixation: autoDraw = False
98.9166 	EXP 	grating: autoDraw = True
99.2489 	EXP 	grating: autoDraw = False
99.2965 	DATA 	Keypress: z
100.1338 	DATA 	Keypress: z
100.1482 	EXP 	fixation: autoDraw = False
100.1482 	EXP 	grating: autoDraw = False
100.1482 	EXP 	grating: ori = 3.5
100.1482 	EXP 	fixation: autoDraw = True
100.3492 	EXP 	fixation: autoDraw = False
100.4481 	EXP 	grating: autoDraw = True
100.7652 	EXP 	grating: autoDraw = False
100.8819 	DATA 	Keypress: m
100.8978 	EXP 	fixation: autoDraw = False
100.8978 	EXP 	grating: autoDraw = False
100.8978 	EXP 	grating: ori = -3.5
100.8978 	EXP 	fixation: autoDraw = True
101.0977 	EXP 	fixation: autoDraw = False
101.1975 	EXP 	grating: autoDraw = True
101.5318 	EXP 	grating: autoDraw = False
101.6481 	DATA 	Keypress: z
101.6636 	EXP 	fixation: autoDraw = False
101.6636 	EXP 	grating: autoDraw = False
101.6636 	EXP 	text_5: autoDraw = True
102.6630 	EXP 	text_5: autoDraw = False
102.6764 	EXP 	23_AUG_ADAP_STAIR: status = STOPPED
102.7800 	INFO 	saved data to 'C:\\Users\\Lenovo\\Documents\\MON 2024-25\\FULL_TERM\\PSY-310_LAB_IN_PSYCHOLOGY\\3-23RD_AUGUST_ADAPTIVE_STAIRS\\data/1RS_23_AUG_ADAP_STAIR_2024-09-11_17h56.51.603.csv'
102.7829 	INFO 	saved data to C:\Users\Lenovo\Documents\MON 2024-25\FULL_TERM\PSY-310_LAB_IN_PSYCHOLOGY\3-23RD_AUGUST_ADAPTIVE_STAIRS\data/1RS_23_AUG_ADAP_STAIR_2024-09-11_17h56.51.603.psydat
103.2633 	EXP 	window1: mouseVisible = True
103.2899 	DEBUG 	Saving data for 23_AUG_ADAP_STAIR ExperimentHandler
