25.4300 	DEBUG 	Fullscreen settings ignored as running in pilot mode.
25.4373 	INFO 	Loaded monitor calibration from ['2024_08_06 08:33']
28.0113 	EXP 	Created window1 = Window(allowGUI=True, allowStencil=False, autoLog=True, backendConf=UNKNOWN, backgroundFit=<method-wrapper '__getattribute__' of attributeSetter object at 0x000002532B3F9070>, backgroundImage=<method-wrapper '__getattribute__' of attributeSetter object at 0x000002532B3F1B80>, bitsMode=UNKNOWN, blendMode='avg', bpc=(8, 8, 8), color=array([-1., -1., -1.]), colorSpace='rgb', depthBits=8, fullscr=<method-wrapper '__getattribute__' of attributeSetter object at 0x000002532B3F1E50>, gamma=None, gammaErrorPolicy='raise', infoMsg=UNKNOWN, lms=UNKNOWN, monitor=<psychopy.monitors.calibTools.Monitor object at 0x000002532B886FA0>, multiSample=False, name='window1', numSamples=2, pos=[283.0, 84.0], screen=0, size=array([800, 600]), stencilBits=0, stereo=False, title='PsychoPy', units='height', useFBO=True, useRetina=False, viewOri=0.0, viewPos=None, viewScale=None, waitBlanking=True, winType='pyglet')
28.0114 	EXP 	window1: backgroundImage = ''
28.0114 	EXP 	window1: backgroundFit = 'none'
28.0118 	EXP 	window1: mouseVisible = <method-wrapper '__getattribute__' of attributeSetter object at 0x000002532B3F9190>
28.0122 	EXP 	window1: mouseVisible = <method-wrapper '__getattribute__' of attributeSetter object at 0x000002532B3F9190>
28.0264 	EXP 	window1: mouseVisible = <method-wrapper '__getattribute__' of attributeSetter object at 0x000002532B3F9190>
28.0273 	EXP 	window1: mouseVisible = <method-wrapper '__getattribute__' of attributeSetter object at 0x000002532B3F9190>
28.0583 	DEBUG 	TextBox2 loaded 1 chars with 0 blanks and 1 valid
28.0605 	DEBUG 	TextBox2 loaded 1 chars with 0 blanks and 1 valid
28.0625 	DEBUG 	TextBox2 loaded 1 chars with 0 blanks and 1 valid
28.0654 	DEBUG 	TextBox2 loaded 1 chars with 0 blanks and 1 valid
28.0692 	DEBUG 	TextBox2 loaded 1 chars with 0 blanks and 1 valid
28.0714 	DEBUG 	TextBox2 loaded 1 chars with 0 blanks and 1 valid
28.0745 	DEBUG 	TextBox2 loaded 1 chars with 0 blanks and 1 valid
28.0784 	DEBUG 	TextBox2 loaded 1 chars with 0 blanks and 1 valid
28.0803 	DEBUG 	TextBox2 loaded 1 chars with 0 blanks and 1 valid
28.0829 	DEBUG 	TextBox2 loaded 1 chars with 0 blanks and 1 valid
28.0857 	DEBUG 	TextBox2 loaded 1 chars with 0 blanks and 1 valid
28.0881 	DEBUG 	TextBox2 loaded 1 chars with 0 blanks and 1 valid
28.0913 	DEBUG 	TextBox2 loaded 1 chars with 0 blanks and 1 valid
28.0943 	DEBUG 	TextBox2 loaded 1 chars with 0 blanks and 1 valid
28.0970 	DEBUG 	TextBox2 loaded 1 chars with 0 blanks and 1 valid
28.1009 	DEBUG 	TextBox2 loaded 1 chars with 0 blanks and 1 valid
28.1041 	DEBUG 	TextBox2 loaded 1 chars with 0 blanks and 1 valid
28.1063 	DEBUG 	TextBox2 loaded 1 chars with 0 blanks and 1 valid
28.1084 	DEBUG 	TextBox2 loaded 1 chars with 0 blanks and 1 valid
28.1112 	DEBUG 	TextBox2 loaded 1 chars with 0 blanks and 1 valid
28.1126 	DEBUG 	TextBox2 loaded 1 chars with 0 blanks and 1 valid
28.1141 	DEBUG 	Uploading Texture Font fontname to graphics card
28.1304 	DEBUG 	Upload of Texture Font fontname complete
28.1340 	EXP 	window1: mouseVisible = <method-wrapper '__getattribute__' of attributeSetter object at 0x000002532B3F9190>
28.1343 	EXP 	window1: mouseVisible = <method-wrapper '__getattribute__' of attributeSetter object at 0x000002532B3F9190>
28.1356 	EXP 	window1: mouseVisible = <method-wrapper '__getattribute__' of attributeSetter object at 0x000002532B3F9190>
28.1369 	EXP 	window1: mouseVisible = <method-wrapper '__getattribute__' of attributeSetter object at 0x000002532B3F9190>
28.1696 	DEBUG 	TextBox2 loaded 1 chars with 0 blanks and 1 valid
28.1728 	DEBUG 	TextBox2 loaded 1 chars with 0 blanks and 1 valid
28.1758 	DEBUG 	TextBox2 loaded 1 chars with 0 blanks and 1 valid
28.1763 	DEBUG 	Uploading Texture Font fontname to graphics card
28.2043 	DEBUG 	Upload of Texture Font fontname complete
28.2089 	EXP 	window1: Attempting to measure frame rate of screen (0) ...
28.2090 	EXP 	window1: recordFrameIntervals = False
28.4189 	EXP 	window1: recordFrameIntervals = True
28.6027 	EXP 	Screen (0) actual frame rate measured at 60.18Hz
28.6027 	EXP 	window1: recordFrameIntervals = False
28.6031 	EXP 	window1: mouseVisible = False
28.6041 	EXP 	window1: mouseVisible = False
28.6046 	EXP 	window1: mouseVisible = False
28.6064 	EXP 	window1: mouseVisible = False
28.6081 	EXP 	window1: mouseVisible = False
28.6397 	DEBUG 	TextBox2 loaded 1 chars with 0 blanks and 1 valid
28.6422 	DEBUG 	TextBox2 loaded 1 chars with 0 blanks and 1 valid
28.6455 	DEBUG 	TextBox2 loaded 1 chars with 0 blanks and 1 valid
28.6500 	DEBUG 	TextBox2 loaded 1 chars with 0 blanks and 1 valid
28.6537 	DEBUG 	TextBox2 loaded 1 chars with 0 blanks and 1 valid
28.6568 	DEBUG 	TextBox2 loaded 1 chars with 0 blanks and 1 valid
28.6587 	DEBUG 	TextBox2 loaded 1 chars with 0 blanks and 1 valid
28.6609 	DEBUG 	TextBox2 loaded 1 chars with 0 blanks and 1 valid
28.6638 	DEBUG 	TextBox2 loaded 1 chars with 0 blanks and 1 valid
28.6667 	DEBUG 	TextBox2 loaded 1 chars with 0 blanks and 1 valid
28.6672 	DEBUG 	Uploading Texture Font fontname to graphics card
28.6678 	DEBUG 	Upload of Texture Font fontname complete
28.6709 	EXP 	window1: mouseVisible = False
28.6711 	EXP 	window1: mouseVisible = False
28.6722 	EXP 	window1: mouseVisible = False
28.6731 	EXP 	window1: mouseVisible = False
28.9287 	WARNING 	launchHubServer: If using the iohub mouse or eyetracker devices, fullScr should be True.
36.2601 	INFO 	keyboard.Keyboard is using iohub backend.
36.2602 	INFO 	keyboard.Keyboard is using iohub backend.
36.2602 	INFO 	keyboard.Keyboard is using iohub backend.
36.2602 	EXP 	4-13_SEPT_Orientation_Discrimination_Task: status = STARTED
36.2607 	EXP 	window1: mouseVisible = False
36.6950 	EXP 	Created text_3 = TextStim(__class__=<class 'psychopy.visual.text.TextStim'>, alignHoriz=method-wrapper(...), alignText='center', alignVert=method-wrapper(...), anchorHoriz='center', anchorVert='center', antialias=True, autoDraw=False, autoLog=True, bold=False, color=array([1., 1., 1.]), colorSpace='rgb', contrast=1.0, depth=0.0, draggable=False, flipHoriz=False, flipVert=False, font='Cooper Black', fontFiles=[], height=0.05, italic=False, languageStyle='LTR', name='text_3', opacity=1.0, ori=0.0, pos=array([0., 0.]), rgb=UNKNOWN, text='Hi', units='height', win=Window(...), wrapWidth=1)
36.6952 	EXP 	window1: mouseVisible = False
36.7361 	EXP 	Created text_2 = TextStim(__class__=<class 'psychopy.visual.text.TextStim'>, alignHoriz=method-wrapper(...), alignText='center', alignVert=method-wrapper(...), anchorHoriz='center', anchorVert='center', antialias=True, autoDraw=False, autoLog=True, bold=False, color=array([1., 1., 1.]), colorSpace='rgb', contrast=1.0, depth=0.0, draggable=False, flipHoriz=False, flipVert=False, font='Cooper Black', fontFiles=[], height=0.05, italic=False, languageStyle='LTR', name='text_2', opacity=1.0, ori=0.0, pos=array([0., 0.]), rgb=UNKNOWN, text=str(...), units='height', win=Window(...), wrapWidth=1)
36.7423 	EXP 	window1: mouseVisible = False
36.7453 	EXP 	Created fixation = ShapeStim(__class__=<class 'psychopy.visual.shape.ShapeStim'>, anchor=('center', 'center'), autoDraw=False, autoLog=True, closeShape=True, color=method-wrapper(...), colorSpace='rgb', contrast=None, depth=-1.0, draggable=False, fillColor=array([1, 1, 1]), fillColorSpace='rgb', fillRGB=array([1, 1, 1]), interpolate=True, lineColor=array([1., 1., 1.]), lineColorSpace='rgb', lineRGB=array([1, 1, 1]), lineWidth=1.0, name='fixation', opacity=1.0, ori=0.0, pos=array([0., 0.]), size=array([10., 10.]), units='pix', vertices=ndarray(...), win=Window(...), windingRule=None)
36.7454 	EXP 	window1: mouseVisible = False
36.7487 	EXP 	Created grating = GratingStim(__class__=<class 'psychopy.visual.grating.GratingStim'>, anchor='center', autoDraw=False, autoLog=True, blendmode='avg', color=array([0.3, 0.3, 0.3]), colorSpace='rgb', contrast=0.3, depth=-2.0, draggable=False, interpolate=True, mask='gauss', maskParams=None, name='grating', opacity=1.0, ori=1.0, phase=array([0., 0.]), pos=array([0., 0.]), rgbPedestal=array([0., 0., 0.]), sf=array([5., 5.]), size=array([0.2, 0.2]), tex='sin', texRes=128.0, units='height', win=Window(...))
36.7488 	EXP 	window1: mouseVisible = False
36.7551 	EXP 	Created text = TextStim(__class__=<class 'psychopy.visual.text.TextStim'>, alignHoriz=method-wrapper(...), alignText='center', alignVert=method-wrapper(...), anchorHoriz='center', anchorVert='center', antialias=True, autoDraw=False, autoLog=True, bold=False, color=array([1., 1., 1.]), colorSpace='rgb', contrast=1.0, depth=0.0, draggable=False, flipHoriz=False, flipVert=False, font='Cooper Black', fontFiles=[], height=0.05, italic=False, languageStyle='LTR', name='text', opacity=1.0, ori=0.0, pos=array([0., 0.]), rgb=UNKNOWN, text='thx pookie', units='height', win=Window(...), wrapWidth=1)
0.0015 	DATA 	Keypress: capslock
0.0370 	EXP 	text_3: autoDraw = True
2.0194 	INFO 	Keyboard events cleared
2.0188 	EXP 	text_3: autoDraw = False
2.0188 	EXP 	text_2: autoDraw = True
20.6766 	EXP 	Created sequence: random, trialTypes=1, nReps=100, seed=None
20.6773 	EXP 	New trial (rep=0, index=0): None
20.6809 	DATA 	Keypress: space
20.7001 	EXP 	text_2: autoDraw = False
20.7001 	EXP 	fixation: autoDraw = True
21.8004 	INFO 	Keyboard events cleared
21.7997 	EXP 	grating: autoDraw = True
21.7997 	EXP 	grating: tex = 'sin'
21.8161 	EXP 	fixation: autoDraw = False
22.0992 	EXP 	grating: autoDraw = False
22.3871 	EXP 	New trial (rep=1, index=0): None
22.3917 	DATA 	Keypress: a
22.3983 	EXP 	fixation: autoDraw = False
22.3983 	EXP 	grating: autoDraw = False
22.3983 	EXP 	fixation: autoDraw = True
23.3994 	INFO 	Keyboard events cleared
23.3988 	EXP 	fixation: autoDraw = False
23.3988 	EXP 	grating: autoDraw = True
23.6977 	EXP 	grating: autoDraw = False
23.8216 	EXP 	New trial (rep=2, index=0): None
23.8241 	DATA 	Keypress: a
23.8301 	EXP 	fixation: autoDraw = False
23.8301 	EXP 	grating: autoDraw = False
23.8301 	EXP 	fixation: autoDraw = True
24.8312 	INFO 	Keyboard events cleared
24.8304 	EXP 	fixation: autoDraw = False
24.8304 	EXP 	grating: autoDraw = True
25.1297 	EXP 	grating: autoDraw = False
25.1388 	EXP 	New trial (rep=3, index=0): None
25.1409 	DATA 	Keypress: a
25.1448 	EXP 	fixation: autoDraw = False
25.1448 	EXP 	grating: autoDraw = False
25.1448 	EXP 	fixation: autoDraw = True
26.1462 	INFO 	Keyboard events cleared
26.1456 	EXP 	fixation: autoDraw = False
26.1456 	EXP 	grating: autoDraw = True
26.4454 	EXP 	grating: autoDraw = False
26.4555 	EXP 	New trial (rep=4, index=0): None
26.4582 	DATA 	Keypress: a
26.4776 	EXP 	fixation: autoDraw = False
26.4776 	EXP 	grating: autoDraw = False
26.4776 	EXP 	fixation: autoDraw = True
27.4616 	INFO 	Keyboard events cleared
27.4610 	EXP 	grating: autoDraw = True
27.4781 	EXP 	fixation: autoDraw = False
27.7119 	EXP 	New trial (rep=5, index=0): None
27.7155 	DATA 	Keypress: a
27.7269 	EXP 	fixation: autoDraw = False
27.7269 	EXP 	grating: autoDraw = False
27.7269 	EXP 	fixation: autoDraw = True
28.7109 	INFO 	Keyboard events cleared
28.7102 	EXP 	grating: autoDraw = True
28.7277 	EXP 	fixation: autoDraw = False
29.0092 	EXP 	grating: autoDraw = False
29.5186 	EXP 	New trial (rep=6, index=0): None
29.5210 	DATA 	Keypress: z
29.5416 	EXP 	fixation: autoDraw = False
29.5416 	EXP 	grating: autoDraw = False
29.5416 	EXP 	fixation: autoDraw = True
30.5248 	INFO 	Keyboard events cleared
30.5242 	EXP 	grating: autoDraw = True
30.5410 	EXP 	fixation: autoDraw = False
30.8248 	EXP 	grating: autoDraw = False
31.1654 	EXP 	New trial (rep=7, index=0): None
31.1675 	DATA 	Keypress: a
31.1728 	EXP 	fixation: autoDraw = False
31.1728 	EXP 	grating: autoDraw = False
31.1728 	EXP 	fixation: autoDraw = True
32.1740 	INFO 	Keyboard events cleared
32.1734 	EXP 	fixation: autoDraw = False
32.1734 	EXP 	grating: autoDraw = True
32.4734 	EXP 	grating: autoDraw = False
32.5647 	EXP 	New trial (rep=8, index=0): None
32.5666 	DATA 	Keypress: z
32.5712 	EXP 	fixation: autoDraw = False
32.5712 	EXP 	grating: autoDraw = False
32.5712 	EXP 	fixation: autoDraw = True
33.5736 	INFO 	Keyboard events cleared
33.5729 	EXP 	fixation: autoDraw = False
33.5729 	EXP 	grating: autoDraw = True
33.8363 	EXP 	New trial (rep=9, index=0): None
33.8418 	DATA 	Keypress: a
33.8545 	EXP 	fixation: autoDraw = False
33.8545 	EXP 	grating: autoDraw = False
33.8545 	EXP 	fixation: autoDraw = True
34.8368 	INFO 	Keyboard events cleared
34.8364 	EXP 	grating: autoDraw = True
34.8704 	EXP 	fixation: autoDraw = False
35.1292 	EXP 	New trial (rep=10, index=0): None
35.1320 	DATA 	Keypress: a
35.1365 	EXP 	grating: autoDraw = False
35.1365 	EXP 	fixation: autoDraw = False
35.1365 	EXP 	grating: autoDraw = False
35.1365 	EXP 	fixation: autoDraw = True
36.1359 	INFO 	Keyboard events cleared
36.1354 	EXP 	fixation: autoDraw = False
36.1354 	EXP 	grating: autoDraw = True
36.4348 	EXP 	grating: autoDraw = False
36.4423 	EXP 	New trial (rep=11, index=0): None
36.4446 	DATA 	Keypress: a
36.4513 	EXP 	fixation: autoDraw = False
36.4513 	EXP 	grating: autoDraw = False
36.4513 	EXP 	fixation: autoDraw = True
37.4513 	INFO 	Keyboard events cleared
37.4507 	EXP 	fixation: autoDraw = False
37.4507 	EXP 	grating: autoDraw = True
37.7082 	EXP 	New trial (rep=12, index=0): None
37.7103 	DATA 	Keypress: a
37.7166 	EXP 	fixation: autoDraw = False
37.7166 	EXP 	grating: autoDraw = False
37.7166 	EXP 	fixation: autoDraw = True
38.7169 	INFO 	Keyboard events cleared
38.7163 	EXP 	fixation: autoDraw = False
38.7163 	EXP 	grating: autoDraw = True
39.0166 	EXP 	grating: autoDraw = False
39.0629 	EXP 	New trial (rep=13, index=0): None
39.0662 	DATA 	Keypress: a
39.0823 	EXP 	fixation: autoDraw = False
39.0823 	EXP 	grating: autoDraw = False
39.0823 	EXP 	fixation: autoDraw = True
40.0657 	INFO 	Keyboard events cleared
40.0652 	EXP 	grating: autoDraw = True
40.0812 	EXP 	fixation: autoDraw = False
40.3653 	EXP 	grating: autoDraw = False
40.4385 	DATA 	Keypress: a
40.4592 	EXP 	New trial (rep=14, index=0): None
40.4811 	EXP 	fixation: autoDraw = False
40.4811 	EXP 	grating: autoDraw = False
40.4811 	EXP 	fixation: autoDraw = True
41.4648 	INFO 	Keyboard events cleared
41.4641 	EXP 	grating: autoDraw = True
41.4800 	EXP 	fixation: autoDraw = False
41.7057 	EXP 	New trial (rep=15, index=0): None
41.7077 	DATA 	Keypress: a
41.7122 	EXP 	fixation: autoDraw = False
41.7122 	EXP 	grating: autoDraw = False
41.7122 	EXP 	fixation: autoDraw = True
42.7141 	INFO 	Keyboard events cleared
42.7134 	EXP 	fixation: autoDraw = False
42.7134 	EXP 	grating: autoDraw = True
43.0131 	EXP 	grating: autoDraw = False
43.8876 	EXP 	New trial (rep=16, index=0): None
43.8904 	DATA 	Keypress: a
43.9109 	EXP 	fixation: autoDraw = False
43.9109 	EXP 	grating: autoDraw = False
43.9109 	EXP 	fixation: autoDraw = True
44.8944 	INFO 	Keyboard events cleared
44.8938 	EXP 	grating: autoDraw = True
44.9096 	EXP 	fixation: autoDraw = False
45.1927 	EXP 	grating: autoDraw = False
45.5692 	EXP 	New trial (rep=17, index=0): None
45.5719 	DATA 	Keypress: a
45.5757 	EXP 	fixation: autoDraw = False
45.5757 	EXP 	grating: autoDraw = False
45.5757 	EXP 	fixation: autoDraw = True
46.5756 	INFO 	Keyboard events cleared
46.5748 	EXP 	fixation: autoDraw = False
46.5748 	EXP 	grating: autoDraw = True
46.8749 	EXP 	grating: autoDraw = False
47.0829 	EXP 	New trial (rep=18, index=0): None
47.0862 	DATA 	Keypress: a
47.0926 	EXP 	fixation: autoDraw = False
47.0926 	EXP 	grating: autoDraw = False
47.0926 	EXP 	fixation: autoDraw = True
48.0918 	INFO 	Keyboard events cleared
48.0910 	EXP 	grating: autoDraw = True
48.1078 	EXP 	fixation: autoDraw = False
48.4073 	EXP 	grating: autoDraw = False
48.6868 	DATA 	Keypress: z
48.7210 	EXP 	New trial (rep=19, index=0): None
48.7399 	EXP 	fixation: autoDraw = False
48.7399 	EXP 	grating: autoDraw = False
48.7399 	EXP 	fixation: autoDraw = True
49.7229 	INFO 	Keyboard events cleared
49.7223 	EXP 	grating: autoDraw = True
49.7386 	EXP 	fixation: autoDraw = False
50.0221 	EXP 	grating: autoDraw = False
50.1173 	EXP 	New trial (rep=20, index=0): None
50.1219 	DATA 	Keypress: z
50.1369 	EXP 	fixation: autoDraw = False
50.1369 	EXP 	grating: autoDraw = False
50.1369 	EXP 	fixation: autoDraw = True
51.1407 	INFO 	Keyboard events cleared
51.1392 	EXP 	grating: autoDraw = True
51.1720 	EXP 	fixation: autoDraw = False
51.3942 	EXP 	New trial (rep=21, index=0): None
51.3970 	DATA 	Keypress: a
51.4039 	EXP 	fixation: autoDraw = False
51.4039 	EXP 	grating: autoDraw = False
51.4039 	EXP 	fixation: autoDraw = True
52.4231 	INFO 	Keyboard events cleared
52.4222 	EXP 	fixation: autoDraw = False
52.4222 	EXP 	grating: autoDraw = True
52.7534 	EXP 	grating: autoDraw = False
52.9584 	EXP 	New trial (rep=22, index=0): None
52.9625 	DATA 	Keypress: a
52.9692 	EXP 	fixation: autoDraw = False
52.9692 	EXP 	grating: autoDraw = False
52.9692 	EXP 	fixation: autoDraw = True
53.9883 	INFO 	Keyboard events cleared
53.9874 	EXP 	fixation: autoDraw = False
53.9874 	EXP 	grating: autoDraw = True
54.3035 	EXP 	grating: autoDraw = False
55.0046 	EXP 	New trial (rep=23, index=0): None
55.0097 	DATA 	Keypress: a
55.0180 	EXP 	fixation: autoDraw = False
55.0180 	EXP 	grating: autoDraw = False
55.0180 	EXP 	fixation: autoDraw = True
56.0179 	INFO 	Keyboard events cleared
56.0171 	EXP 	fixation: autoDraw = False
56.0171 	EXP 	grating: autoDraw = True
56.3162 	EXP 	grating: autoDraw = False
56.9447 	EXP 	New trial (rep=24, index=0): None
56.9492 	DATA 	Keypress: a
56.9650 	EXP 	fixation: autoDraw = False
56.9650 	EXP 	grating: autoDraw = False
56.9650 	EXP 	fixation: autoDraw = True
57.9482 	INFO 	Keyboard events cleared
57.9476 	EXP 	grating: autoDraw = True
57.9643 	EXP 	fixation: autoDraw = False
58.2478 	EXP 	grating: autoDraw = False
58.7613 	EXP 	New trial (rep=25, index=0): None
58.7672 	DATA 	Keypress: a
58.7799 	EXP 	fixation: autoDraw = False
58.7799 	EXP 	grating: autoDraw = False
58.7799 	EXP 	fixation: autoDraw = True
59.7649 	INFO 	Keyboard events cleared
59.7642 	EXP 	grating: autoDraw = True
59.7796 	EXP 	fixation: autoDraw = False
60.0796 	EXP 	grating: autoDraw = False
60.3881 	EXP 	New trial (rep=26, index=0): None
60.3902 	DATA 	Keypress: a
60.3948 	EXP 	fixation: autoDraw = False
60.3948 	EXP 	grating: autoDraw = False
60.3948 	EXP 	fixation: autoDraw = True
61.3951 	INFO 	Keyboard events cleared
61.3945 	EXP 	fixation: autoDraw = False
61.3945 	EXP 	grating: autoDraw = True
61.6940 	EXP 	grating: autoDraw = False
63.3865 	EXP 	New trial (rep=27, index=0): None
63.3903 	DATA 	Keypress: a
63.4086 	EXP 	fixation: autoDraw = False
63.4086 	EXP 	grating: autoDraw = False
63.4086 	EXP 	fixation: autoDraw = True
64.3918 	INFO 	Keyboard events cleared
64.3913 	EXP 	grating: autoDraw = True
64.4084 	EXP 	fixation: autoDraw = False
64.6916 	EXP 	grating: autoDraw = False
65.2513 	EXP 	New trial (rep=28, index=0): None
65.2541 	DATA 	Keypress: z
65.2733 	EXP 	fixation: autoDraw = False
65.2733 	EXP 	grating: autoDraw = False
65.2733 	EXP 	fixation: autoDraw = True
66.2568 	INFO 	Keyboard events cleared
66.2562 	EXP 	grating: autoDraw = True
66.2732 	EXP 	fixation: autoDraw = False
66.5577 	EXP 	grating: autoDraw = False
66.6142 	EXP 	New trial (rep=29, index=0): None
66.6161 	DATA 	Keypress: z
66.6220 	EXP 	fixation: autoDraw = False
66.6220 	EXP 	grating: autoDraw = False
66.6220 	EXP 	fixation: autoDraw = True
67.6228 	INFO 	Keyboard events cleared
67.6221 	EXP 	fixation: autoDraw = False
67.6221 	EXP 	grating: autoDraw = True
67.9214 	EXP 	grating: autoDraw = False
67.9301 	EXP 	New trial (rep=30, index=0): None
67.9322 	DATA 	Keypress: z
67.9370 	EXP 	fixation: autoDraw = False
67.9370 	EXP 	grating: autoDraw = False
67.9370 	EXP 	fixation: autoDraw = True
68.9391 	INFO 	Keyboard events cleared
68.9383 	EXP 	fixation: autoDraw = False
68.9383 	EXP 	grating: autoDraw = True
69.2544 	EXP 	grating: autoDraw = False
69.3441 	EXP 	New trial (rep=31, index=0): None
69.3463 	DATA 	Keypress: z
69.3526 	EXP 	fixation: autoDraw = False
69.3526 	EXP 	grating: autoDraw = False
69.3526 	EXP 	fixation: autoDraw = True
70.3543 	INFO 	Keyboard events cleared
70.3536 	EXP 	fixation: autoDraw = False
70.3536 	EXP 	grating: autoDraw = True
70.6472 	DATA 	Keypress: a
70.6520 	EXP 	grating: autoDraw = False
70.6599 	EXP 	New trial (rep=32, index=0): None
70.6680 	EXP 	fixation: autoDraw = False
70.6680 	EXP 	grating: autoDraw = False
70.6680 	EXP 	fixation: autoDraw = True
71.6685 	INFO 	Keyboard events cleared
71.6679 	EXP 	fixation: autoDraw = False
71.6679 	EXP 	grating: autoDraw = True
71.9589 	EXP 	New trial (rep=33, index=0): None
71.9610 	DATA 	Keypress: z
71.9669 	EXP 	grating: autoDraw = False
71.9669 	EXP 	fixation: autoDraw = False
71.9669 	EXP 	grating: autoDraw = False
71.9669 	EXP 	fixation: autoDraw = True
72.9689 	INFO 	Keyboard events cleared
72.9681 	EXP 	fixation: autoDraw = False
72.9681 	EXP 	grating: autoDraw = True
73.2410 	EXP 	New trial (rep=34, index=0): None
73.2431 	DATA 	Keypress: a
73.2493 	EXP 	fixation: autoDraw = False
73.2493 	EXP 	grating: autoDraw = False
73.2493 	EXP 	fixation: autoDraw = True
74.2500 	INFO 	Keyboard events cleared
74.2494 	EXP 	fixation: autoDraw = False
74.2494 	EXP 	grating: autoDraw = True
74.5651 	EXP 	grating: autoDraw = False
74.5910 	EXP 	New trial (rep=35, index=0): None
74.5932 	DATA 	Keypress: z
74.5974 	EXP 	fixation: autoDraw = False
74.5974 	EXP 	grating: autoDraw = False
74.5974 	EXP 	fixation: autoDraw = True
75.5978 	INFO 	Keyboard events cleared
75.5972 	EXP 	fixation: autoDraw = False
75.5972 	EXP 	grating: autoDraw = True
75.8729 	EXP 	New trial (rep=36, index=0): None
75.8755 	DATA 	Keypress: z
75.8803 	EXP 	fixation: autoDraw = False
75.8803 	EXP 	grating: autoDraw = False
75.8803 	EXP 	fixation: autoDraw = True
76.8793 	INFO 	Keyboard events cleared
76.8787 	EXP 	grating: autoDraw = True
76.8954 	EXP 	fixation: autoDraw = False
77.1792 	EXP 	grating: autoDraw = False
77.1894 	EXP 	New trial (rep=37, index=0): None
77.1929 	DATA 	Keypress: z
77.2117 	EXP 	fixation: autoDraw = False
77.2117 	EXP 	grating: autoDraw = False
77.2117 	EXP 	fixation: autoDraw = True
78.1951 	INFO 	Keyboard events cleared
78.1945 	EXP 	grating: autoDraw = True
78.2122 	EXP 	fixation: autoDraw = False
78.4949 	EXP 	grating: autoDraw = False
78.5213 	EXP 	New trial (rep=38, index=0): None
78.5251 	DATA 	Keypress: z
78.5436 	EXP 	fixation: autoDraw = False
78.5436 	EXP 	grating: autoDraw = False
78.5436 	EXP 	fixation: autoDraw = True
79.5288 	INFO 	Keyboard events cleared
79.5280 	EXP 	grating: autoDraw = True
79.5438 	EXP 	fixation: autoDraw = False
79.8191 	EXP 	New trial (rep=39, index=0): None
79.8223 	DATA 	Keypress: a
79.8426 	EXP 	fixation: autoDraw = False
79.8426 	EXP 	grating: autoDraw = False
79.8426 	EXP 	fixation: autoDraw = True
80.8258 	INFO 	Keyboard events cleared
80.8254 	EXP 	grating: autoDraw = True
80.8412 	EXP 	fixation: autoDraw = False
81.0850 	EXP 	New trial (rep=40, index=0): None
81.0873 	DATA 	Keypress: a
81.1076 	EXP 	fixation: autoDraw = False
81.1076 	EXP 	grating: autoDraw = False
81.1076 	EXP 	fixation: autoDraw = True
82.0915 	INFO 	Keyboard events cleared
82.0908 	EXP 	grating: autoDraw = True
82.1081 	EXP 	fixation: autoDraw = False
82.3308 	EXP 	New trial (rep=41, index=0): None
82.3325 	DATA 	Keypress: a
82.3407 	EXP 	fixation: autoDraw = False
82.3407 	EXP 	grating: autoDraw = False
82.3407 	EXP 	fixation: autoDraw = True
83.3399 	INFO 	Keyboard events cleared
83.3393 	EXP 	grating: autoDraw = True
83.3556 	EXP 	fixation: autoDraw = False
83.6394 	EXP 	grating: autoDraw = False
83.7478 	EXP 	New trial (rep=42, index=0): None
83.7498 	DATA 	Keypress: z
83.7555 	EXP 	fixation: autoDraw = False
83.7555 	EXP 	grating: autoDraw = False
83.7555 	EXP 	fixation: autoDraw = True
84.7557 	INFO 	Keyboard events cleared
84.7551 	EXP 	fixation: autoDraw = False
84.7551 	EXP 	grating: autoDraw = True
85.0558 	EXP 	grating: autoDraw = False
85.5633 	EXP 	New trial (rep=43, index=0): None
85.5654 	DATA 	Keypress: a
85.5706 	EXP 	fixation: autoDraw = False
85.5706 	EXP 	grating: autoDraw = False
85.5706 	EXP 	fixation: autoDraw = True
86.5707 	INFO 	Keyboard events cleared
86.5701 	EXP 	grating: autoDraw = True
86.5861 	EXP 	fixation: autoDraw = False
86.8693 	EXP 	grating: autoDraw = False
87.3000 	EXP 	New trial (rep=44, index=0): None
87.3055 	DATA 	Keypress: a
87.3184 	EXP 	fixation: autoDraw = False
87.3184 	EXP 	grating: autoDraw = False
87.3184 	EXP 	fixation: autoDraw = True
88.3015 	INFO 	Keyboard events cleared
88.3010 	EXP 	grating: autoDraw = True
88.3181 	EXP 	fixation: autoDraw = False
88.6014 	EXP 	grating: autoDraw = False
88.9432 	EXP 	New trial (rep=45, index=0): None
88.9453 	DATA 	Keypress: z
88.9499 	EXP 	fixation: autoDraw = False
88.9499 	EXP 	grating: autoDraw = False
88.9499 	EXP 	fixation: autoDraw = True
89.9510 	INFO 	Keyboard events cleared
89.9503 	EXP 	fixation: autoDraw = False
89.9503 	EXP 	grating: autoDraw = True
90.2493 	EXP 	grating: autoDraw = False
90.9611 	EXP 	New trial (rep=46, index=0): None
90.9661 	DATA 	Keypress: a
90.9816 	EXP 	fixation: autoDraw = False
90.9816 	EXP 	grating: autoDraw = False
90.9816 	EXP 	fixation: autoDraw = True
91.9651 	INFO 	Keyboard events cleared
91.9645 	EXP 	grating: autoDraw = True
91.9817 	EXP 	fixation: autoDraw = False
92.2638 	EXP 	grating: autoDraw = False
92.7576 	EXP 	New trial (rep=47, index=0): None
92.7605 	DATA 	Keypress: a
92.7798 	EXP 	fixation: autoDraw = False
92.7798 	EXP 	grating: autoDraw = False
92.7798 	EXP 	fixation: autoDraw = True
93.7639 	INFO 	Keyboard events cleared
93.7633 	EXP 	grating: autoDraw = True
93.7790 	EXP 	fixation: autoDraw = False
94.0631 	EXP 	grating: autoDraw = False
94.6571 	EXP 	New trial (rep=48, index=0): None
94.6622 	DATA 	Keypress: a
94.6778 	EXP 	fixation: autoDraw = False
94.6778 	EXP 	grating: autoDraw = False
94.6778 	EXP 	fixation: autoDraw = True
95.6610 	INFO 	Keyboard events cleared
95.6605 	EXP 	grating: autoDraw = True
95.6775 	EXP 	fixation: autoDraw = False
95.9603 	EXP 	grating: autoDraw = False
96.0872 	EXP 	New trial (rep=49, index=0): None
96.0904 	DATA 	Keypress: a
96.1099 	EXP 	fixation: autoDraw = False
96.1099 	EXP 	grating: autoDraw = False
96.1099 	EXP 	fixation: autoDraw = True
97.0934 	INFO 	Keyboard events cleared
97.0928 	EXP 	grating: autoDraw = True
97.1095 	EXP 	fixation: autoDraw = False
97.3927 	EXP 	grating: autoDraw = False
97.5508 	EXP 	New trial (rep=50, index=0): None
97.5529 	DATA 	Keypress: a
97.5583 	EXP 	fixation: autoDraw = False
97.5583 	EXP 	grating: autoDraw = False
97.5583 	EXP 	fixation: autoDraw = True
98.5587 	INFO 	Keyboard events cleared
98.5579 	EXP 	fixation: autoDraw = False
98.5579 	EXP 	grating: autoDraw = True
98.8577 	EXP 	grating: autoDraw = False
99.1170 	EXP 	New trial (rep=51, index=0): None
99.1192 	DATA 	Keypress: a
99.1235 	EXP 	fixation: autoDraw = False
99.1235 	EXP 	grating: autoDraw = False
99.1235 	EXP 	fixation: autoDraw = True
100.1238 	INFO 	Keyboard events cleared
100.1232 	EXP 	fixation: autoDraw = False
100.1232 	EXP 	grating: autoDraw = True
100.3976 	EXP 	New trial (rep=52, index=0): None
100.3997 	DATA 	Keypress: z
100.4052 	EXP 	fixation: autoDraw = False
100.4052 	EXP 	grating: autoDraw = False
100.4052 	EXP 	fixation: autoDraw = True
101.4077 	INFO 	Keyboard events cleared
101.4069 	EXP 	fixation: autoDraw = False
101.4069 	EXP 	grating: autoDraw = True
101.7220 	EXP 	grating: autoDraw = False
102.1313 	EXP 	New trial (rep=53, index=0): None
102.1333 	DATA 	Keypress: z
102.1538 	EXP 	fixation: autoDraw = False
102.1538 	EXP 	grating: autoDraw = False
102.1538 	EXP 	fixation: autoDraw = True
103.1373 	INFO 	Keyboard events cleared
103.1368 	EXP 	grating: autoDraw = True
103.1533 	EXP 	fixation: autoDraw = False
103.4371 	EXP 	grating: autoDraw = False
103.5795 	EXP 	New trial (rep=54, index=0): None
103.5821 	DATA 	Keypress: z
103.6022 	EXP 	fixation: autoDraw = False
103.6022 	EXP 	grating: autoDraw = False
103.6022 	EXP 	fixation: autoDraw = True
104.5854 	INFO 	Keyboard events cleared
104.5848 	EXP 	grating: autoDraw = True
104.6016 	EXP 	fixation: autoDraw = False
104.8860 	EXP 	grating: autoDraw = False
105.0791 	EXP 	New trial (rep=55, index=0): None
105.0829 	DATA 	Keypress: z
105.1008 	EXP 	fixation: autoDraw = False
105.1008 	EXP 	grating: autoDraw = False
105.1008 	EXP 	fixation: autoDraw = True
106.1167 	INFO 	Keyboard events cleared
106.1161 	EXP 	fixation: autoDraw = False
106.1161 	EXP 	grating: autoDraw = True
106.4183 	EXP 	grating: autoDraw = False
106.5435 	DATA 	Keypress: z
106.5659 	EXP 	New trial (rep=56, index=0): None
106.5826 	EXP 	fixation: autoDraw = False
106.5826 	EXP 	grating: autoDraw = False
106.5826 	EXP 	fixation: autoDraw = True
107.5667 	INFO 	Keyboard events cleared
107.5660 	EXP 	grating: autoDraw = True
107.5826 	EXP 	fixation: autoDraw = False
107.8256 	EXP 	New trial (rep=57, index=0): None
107.8286 	DATA 	Keypress: a
107.8480 	EXP 	fixation: autoDraw = False
107.8480 	EXP 	grating: autoDraw = False
107.8480 	EXP 	fixation: autoDraw = True
108.8319 	INFO 	Keyboard events cleared
108.8313 	EXP 	grating: autoDraw = True
108.8483 	EXP 	fixation: autoDraw = False
109.1221 	EXP 	New trial (rep=58, index=0): None
109.1244 	DATA 	Keypress: a
109.1303 	EXP 	grating: autoDraw = False
109.1303 	EXP 	fixation: autoDraw = False
109.1303 	EXP 	grating: autoDraw = False
109.1303 	EXP 	fixation: autoDraw = True
110.1304 	INFO 	Keyboard events cleared
110.1299 	EXP 	fixation: autoDraw = False
110.1299 	EXP 	grating: autoDraw = True
110.3698 	EXP 	New trial (rep=59, index=0): None
110.3718 	DATA 	Keypress: a
110.3791 	EXP 	fixation: autoDraw = False
110.3791 	EXP 	grating: autoDraw = False
110.3791 	EXP 	fixation: autoDraw = True
111.3798 	INFO 	Keyboard events cleared
111.3791 	EXP 	fixation: autoDraw = False
111.3791 	EXP 	grating: autoDraw = True
111.6530 	DATA 	Keypress: z
111.6762 	EXP 	New trial (rep=60, index=0): None
111.6946 	EXP 	grating: autoDraw = False
111.6946 	EXP 	fixation: autoDraw = False
111.6946 	EXP 	grating: autoDraw = False
111.6946 	EXP 	fixation: autoDraw = True
112.6791 	INFO 	Keyboard events cleared
112.6785 	EXP 	grating: autoDraw = True
112.6942 	EXP 	fixation: autoDraw = False
112.8532 	EXP 	New trial (rep=61, index=0): None
112.8552 	DATA 	Keypress: a
112.8598 	EXP 	fixation: autoDraw = False
112.8598 	EXP 	grating: autoDraw = False
112.8598 	EXP 	fixation: autoDraw = True
113.8610 	INFO 	Keyboard events cleared
113.8604 	EXP 	fixation: autoDraw = False
113.8604 	EXP 	grating: autoDraw = True
114.1595 	EXP 	grating: autoDraw = False
114.6502 	EXP 	New trial (rep=62, index=0): None
114.6522 	DATA 	Keypress: a
114.6580 	EXP 	fixation: autoDraw = False
114.6580 	EXP 	grating: autoDraw = False
114.6580 	EXP 	fixation: autoDraw = True
115.6587 	INFO 	Keyboard events cleared
115.6580 	EXP 	fixation: autoDraw = False
115.6580 	EXP 	grating: autoDraw = True
115.9579 	EXP 	grating: autoDraw = False
116.5015 	EXP 	New trial (rep=63, index=0): None
116.5069 	DATA 	Keypress: a
116.5232 	EXP 	fixation: autoDraw = False
116.5232 	EXP 	grating: autoDraw = False
116.5232 	EXP 	fixation: autoDraw = True
117.5065 	INFO 	Keyboard events cleared
117.5059 	EXP 	grating: autoDraw = True
117.5231 	EXP 	fixation: autoDraw = False
117.7988 	EXP 	New trial (rep=64, index=0): None
117.8020 	DATA 	Keypress: z
117.8220 	EXP 	grating: autoDraw = False
117.8220 	EXP 	fixation: autoDraw = False
117.8220 	EXP 	grating: autoDraw = False
117.8220 	EXP 	fixation: autoDraw = True
118.8052 	INFO 	Keyboard events cleared
118.8046 	EXP 	grating: autoDraw = True
118.8226 	EXP 	fixation: autoDraw = False
119.1053 	EXP 	grating: autoDraw = False
119.4172 	EXP 	New trial (rep=65, index=0): None
119.4214 	DATA 	Keypress: z
119.4375 	EXP 	fixation: autoDraw = False
119.4375 	EXP 	grating: autoDraw = False
119.4375 	EXP 	fixation: autoDraw = True
120.4209 	INFO 	Keyboard events cleared
120.4203 	EXP 	grating: autoDraw = True
120.4366 	EXP 	fixation: autoDraw = False
120.7259 	EXP 	New trial (rep=66, index=0): None
120.7277 	DATA 	Keypress: z
120.7357 	EXP 	grating: autoDraw = False
120.7357 	EXP 	fixation: autoDraw = False
120.7357 	EXP 	grating: autoDraw = False
120.7357 	EXP 	fixation: autoDraw = True
121.7367 	INFO 	Keyboard events cleared
121.7360 	EXP 	fixation: autoDraw = False
121.7360 	EXP 	grating: autoDraw = True
122.0269 	EXP 	New trial (rep=67, index=0): None
122.0289 	DATA 	Keypress: z
122.0342 	EXP 	fixation: autoDraw = False
122.0342 	EXP 	grating: autoDraw = False
122.0342 	EXP 	fixation: autoDraw = True
123.0363 	INFO 	Keyboard events cleared
123.0355 	EXP 	fixation: autoDraw = False
123.0355 	EXP 	grating: autoDraw = True
123.3343 	EXP 	grating: autoDraw = False
123.4098 	EXP 	New trial (rep=68, index=0): None
123.4122 	DATA 	Keypress: z
123.4161 	EXP 	fixation: autoDraw = False
123.4161 	EXP 	grating: autoDraw = False
123.4161 	EXP 	fixation: autoDraw = True
124.4169 	INFO 	Keyboard events cleared
124.4162 	EXP 	fixation: autoDraw = False
124.4162 	EXP 	grating: autoDraw = True
124.7154 	EXP 	grating: autoDraw = False
124.7915 	EXP 	New trial (rep=69, index=0): None
124.7936 	DATA 	Keypress: z
124.7985 	EXP 	fixation: autoDraw = False
124.7985 	EXP 	grating: autoDraw = False
124.7985 	EXP 	fixation: autoDraw = True
125.7989 	INFO 	Keyboard events cleared
125.7982 	EXP 	fixation: autoDraw = False
125.7982 	EXP 	grating: autoDraw = True
126.0991 	EXP 	grating: autoDraw = False
126.7870 	DATA 	Keypress: z
126.8050 	EXP 	New trial (rep=70, index=0): None
126.8127 	EXP 	fixation: autoDraw = False
126.8127 	EXP 	grating: autoDraw = False
126.8127 	EXP 	fixation: autoDraw = True
127.8141 	INFO 	Keyboard events cleared
127.8134 	EXP 	fixation: autoDraw = False
127.8134 	EXP 	grating: autoDraw = True
128.0919 	EXP 	New trial (rep=71, index=0): None
128.0965 	DATA 	Keypress: a
128.1126 	EXP 	fixation: autoDraw = False
128.1126 	EXP 	grating: autoDraw = False
128.1126 	EXP 	fixation: autoDraw = True
129.0953 	INFO 	Keyboard events cleared
129.0947 	EXP 	grating: autoDraw = True
129.1274 	EXP 	fixation: autoDraw = False
129.3947 	EXP 	grating: autoDraw = False
129.5197 	EXP 	New trial (rep=72, index=0): None
129.5222 	DATA 	Keypress: a
129.5271 	EXP 	fixation: autoDraw = False
129.5271 	EXP 	grating: autoDraw = False
129.5271 	EXP 	fixation: autoDraw = True
130.5275 	INFO 	Keyboard events cleared
130.5268 	EXP 	fixation: autoDraw = False
130.5268 	EXP 	grating: autoDraw = True
130.8269 	EXP 	grating: autoDraw = False
130.8729 	EXP 	New trial (rep=73, index=0): None
130.8777 	DATA 	Keypress: a
130.8920 	EXP 	fixation: autoDraw = False
130.8920 	EXP 	grating: autoDraw = False
130.8920 	EXP 	fixation: autoDraw = True
131.8759 	INFO 	Keyboard events cleared
131.8754 	EXP 	grating: autoDraw = True
131.8927 	EXP 	fixation: autoDraw = False
132.1175 	EXP 	New trial (rep=74, index=0): None
132.1203 	DATA 	Keypress: a
132.1245 	EXP 	fixation: autoDraw = False
132.1245 	EXP 	grating: autoDraw = False
132.1245 	EXP 	fixation: autoDraw = True
133.1247 	INFO 	Keyboard events cleared
133.1239 	EXP 	fixation: autoDraw = False
133.1239 	EXP 	grating: autoDraw = True
133.2150 	DATA 	Keypress: a
133.2309 	EXP 	New trial (rep=75, index=0): None
133.2399 	EXP 	fixation: autoDraw = False
133.2399 	EXP 	grating: autoDraw = False
133.2399 	EXP 	fixation: autoDraw = True
134.2407 	INFO 	Keyboard events cleared
134.2402 	EXP 	fixation: autoDraw = False
134.2402 	EXP 	grating: autoDraw = True
134.5410 	EXP 	grating: autoDraw = False
134.7335 	EXP 	New trial (rep=76, index=0): None
134.7367 	DATA 	Keypress: z
134.7552 	EXP 	fixation: autoDraw = False
134.7552 	EXP 	grating: autoDraw = False
134.7552 	EXP 	fixation: autoDraw = True
135.7386 	INFO 	Keyboard events cleared
135.7380 	EXP 	grating: autoDraw = True
135.7545 	EXP 	fixation: autoDraw = False
136.0375 	EXP 	grating: autoDraw = False
136.0795 	EXP 	New trial (rep=77, index=0): None
136.0820 	DATA 	Keypress: a
136.0870 	EXP 	fixation: autoDraw = False
136.0870 	EXP 	grating: autoDraw = False
136.0870 	EXP 	fixation: autoDraw = True
137.0880 	INFO 	Keyboard events cleared
137.0874 	EXP 	fixation: autoDraw = False
137.0874 	EXP 	grating: autoDraw = True
137.3862 	EXP 	grating: autoDraw = False
137.7844 	EXP 	New trial (rep=78, index=0): None
137.7894 	DATA 	Keypress: z
137.8019 	EXP 	fixation: autoDraw = False
137.8019 	EXP 	grating: autoDraw = False
137.8019 	EXP 	fixation: autoDraw = True
138.7861 	INFO 	Keyboard events cleared
138.7855 	EXP 	grating: autoDraw = True
138.8022 	EXP 	fixation: autoDraw = False
139.0847 	EXP 	grating: autoDraw = False
139.1599 	EXP 	New trial (rep=79, index=0): None
139.1620 	DATA 	Keypress: a
139.1675 	EXP 	fixation: autoDraw = False
139.1675 	EXP 	grating: autoDraw = False
139.1675 	EXP 	fixation: autoDraw = True
140.1697 	INFO 	Keyboard events cleared
140.1688 	EXP 	fixation: autoDraw = False
140.1688 	EXP 	grating: autoDraw = True
140.4848 	EXP 	grating: autoDraw = False
140.6773 	EXP 	New trial (rep=80, index=0): None
140.6823 	DATA 	Keypress: z
140.6994 	EXP 	fixation: autoDraw = False
140.6994 	EXP 	grating: autoDraw = False
140.6994 	EXP 	fixation: autoDraw = True
141.6826 	INFO 	Keyboard events cleared
141.6821 	EXP 	grating: autoDraw = True
141.6993 	EXP 	fixation: autoDraw = False
141.9131 	EXP 	New trial (rep=81, index=0): None
141.9182 	DATA 	Keypress: a
141.9317 	EXP 	fixation: autoDraw = False
141.9317 	EXP 	grating: autoDraw = False
141.9317 	EXP 	fixation: autoDraw = True
142.9151 	INFO 	Keyboard events cleared
142.9144 	EXP 	grating: autoDraw = True
142.9306 	EXP 	fixation: autoDraw = False
143.2151 	EXP 	grating: autoDraw = False
143.7875 	EXP 	New trial (rep=82, index=0): None
143.7894 	DATA 	Keypress: a
143.7960 	EXP 	fixation: autoDraw = False
143.7960 	EXP 	grating: autoDraw = False
143.7960 	EXP 	fixation: autoDraw = True
144.7968 	INFO 	Keyboard events cleared
144.7963 	EXP 	fixation: autoDraw = False
144.7963 	EXP 	grating: autoDraw = True
145.0959 	EXP 	grating: autoDraw = False
145.1066 	EXP 	New trial (rep=83, index=0): None
145.1100 	DATA 	Keypress: a
145.1283 	EXP 	fixation: autoDraw = False
145.1283 	EXP 	grating: autoDraw = False
145.1283 	EXP 	fixation: autoDraw = True
146.1116 	INFO 	Keyboard events cleared
146.1110 	EXP 	grating: autoDraw = True
146.1280 	EXP 	fixation: autoDraw = False
146.4116 	EXP 	grating: autoDraw = False
146.8033 	EXP 	New trial (rep=84, index=0): None
146.8056 	DATA 	Keypress: a
146.8097 	EXP 	fixation: autoDraw = False
146.8097 	EXP 	grating: autoDraw = False
146.8097 	EXP 	fixation: autoDraw = True
147.8104 	INFO 	Keyboard events cleared
147.8098 	EXP 	fixation: autoDraw = False
147.8098 	EXP 	grating: autoDraw = True
148.1111 	EXP 	grating: autoDraw = False
148.6551 	EXP 	New trial (rep=85, index=0): None
148.6610 	DATA 	Keypress: z
148.6749 	EXP 	fixation: autoDraw = False
148.6749 	EXP 	grating: autoDraw = False
148.6749 	EXP 	fixation: autoDraw = True
149.6586 	INFO 	Keyboard events cleared
149.6580 	EXP 	grating: autoDraw = True
149.6745 	EXP 	fixation: autoDraw = False
149.9576 	EXP 	grating: autoDraw = False
150.1823 	EXP 	New trial (rep=86, index=0): None
150.1842 	DATA 	Keypress: z
150.1897 	EXP 	fixation: autoDraw = False
150.1897 	EXP 	grating: autoDraw = False
150.1897 	EXP 	fixation: autoDraw = True
151.1901 	INFO 	Keyboard events cleared
151.1895 	EXP 	fixation: autoDraw = False
151.1895 	EXP 	grating: autoDraw = True
151.4890 	EXP 	grating: autoDraw = False
151.5510 	EXP 	New trial (rep=87, index=0): None
151.5546 	DATA 	Keypress: z
151.5721 	EXP 	fixation: autoDraw = False
151.5721 	EXP 	grating: autoDraw = False
151.5721 	EXP 	fixation: autoDraw = True
152.5558 	INFO 	Keyboard events cleared
152.5553 	EXP 	grating: autoDraw = True
152.5718 	EXP 	fixation: autoDraw = False
152.8551 	EXP 	grating: autoDraw = False
152.8644 	EXP 	New trial (rep=88, index=0): None
152.8666 	DATA 	Keypress: z
152.8705 	EXP 	fixation: autoDraw = False
152.8705 	EXP 	grating: autoDraw = False
152.8705 	EXP 	fixation: autoDraw = True
153.8706 	INFO 	Keyboard events cleared
153.8701 	EXP 	fixation: autoDraw = False
153.8701 	EXP 	grating: autoDraw = True
154.1706 	EXP 	grating: autoDraw = False
154.1947 	EXP 	New trial (rep=89, index=0): None
154.1966 	DATA 	Keypress: z
154.2027 	EXP 	fixation: autoDraw = False
154.2027 	EXP 	grating: autoDraw = False
154.2027 	EXP 	fixation: autoDraw = True
155.2033 	INFO 	Keyboard events cleared
155.2027 	EXP 	fixation: autoDraw = False
155.2027 	EXP 	grating: autoDraw = True
155.4773 	EXP 	New trial (rep=90, index=0): None
155.4792 	DATA 	Keypress: z
155.4845 	EXP 	fixation: autoDraw = False
155.4845 	EXP 	grating: autoDraw = False
155.4845 	EXP 	fixation: autoDraw = True
156.4854 	INFO 	Keyboard events cleared
156.4848 	EXP 	fixation: autoDraw = False
156.4848 	EXP 	grating: autoDraw = True
156.7102 	EXP 	New trial (rep=91, index=0): None
156.7121 	DATA 	Keypress: a
156.7165 	EXP 	fixation: autoDraw = False
156.7165 	EXP 	grating: autoDraw = False
156.7165 	EXP 	fixation: autoDraw = True
157.7176 	INFO 	Keyboard events cleared
157.7170 	EXP 	fixation: autoDraw = False
157.7170 	EXP 	grating: autoDraw = True
157.9751 	EXP 	New trial (rep=92, index=0): None
157.9772 	DATA 	Keypress: a
157.9821 	EXP 	fixation: autoDraw = False
157.9821 	EXP 	grating: autoDraw = False
157.9821 	EXP 	fixation: autoDraw = True
158.9836 	INFO 	Keyboard events cleared
158.9827 	EXP 	fixation: autoDraw = False
158.9827 	EXP 	grating: autoDraw = True
159.1883 	EXP 	New trial (rep=93, index=0): None
159.1906 	DATA 	Keypress: a
159.1976 	EXP 	fixation: autoDraw = False
159.1976 	EXP 	grating: autoDraw = False
159.1976 	EXP 	fixation: autoDraw = True
160.1983 	INFO 	Keyboard events cleared
160.1976 	EXP 	fixation: autoDraw = False
160.1976 	EXP 	grating: autoDraw = True
160.4548 	EXP 	New trial (rep=94, index=0): None
160.4570 	DATA 	Keypress: z
160.4632 	EXP 	fixation: autoDraw = False
160.4632 	EXP 	grating: autoDraw = False
160.4632 	EXP 	fixation: autoDraw = True
161.4638 	INFO 	Keyboard events cleared
161.4631 	EXP 	fixation: autoDraw = False
161.4631 	EXP 	grating: autoDraw = True
161.7192 	DATA 	Keypress: z
161.7368 	EXP 	New trial (rep=95, index=0): None
161.7453 	EXP 	fixation: autoDraw = False
161.7453 	EXP 	grating: autoDraw = False
161.7453 	EXP 	fixation: autoDraw = True
162.7449 	INFO 	Keyboard events cleared
162.7444 	EXP 	fixation: autoDraw = False
162.7444 	EXP 	grating: autoDraw = True
163.0374 	EXP 	New trial (rep=96, index=0): None
163.0403 	DATA 	Keypress: a
163.0612 	EXP 	grating: autoDraw = False
163.0612 	EXP 	fixation: autoDraw = False
163.0612 	EXP 	grating: autoDraw = False
163.0612 	EXP 	fixation: autoDraw = True
164.0448 	INFO 	Keyboard events cleared
164.0442 	EXP 	grating: autoDraw = True
164.0618 	EXP 	fixation: autoDraw = False
164.3012 	EXP 	New trial (rep=97, index=0): None
164.3033 	DATA 	Keypress: a
164.3090 	EXP 	fixation: autoDraw = False
164.3090 	EXP 	grating: autoDraw = False
164.3090 	EXP 	fixation: autoDraw = True
165.3102 	INFO 	Keyboard events cleared
165.3096 	EXP 	fixation: autoDraw = False
165.3096 	EXP 	grating: autoDraw = True
165.5386 	EXP 	New trial (rep=98, index=0): None
165.5436 	DATA 	Keypress: a
165.5586 	EXP 	fixation: autoDraw = False
165.5586 	EXP 	grating: autoDraw = False
165.5586 	EXP 	fixation: autoDraw = True
166.5421 	INFO 	Keyboard events cleared
166.5414 	EXP 	grating: autoDraw = True
166.5586 	EXP 	fixation: autoDraw = False
166.8163 	EXP 	New trial (rep=99, index=0): None
166.8184 	DATA 	Keypress: a
166.8234 	EXP 	fixation: autoDraw = False
166.8234 	EXP 	grating: autoDraw = False
166.8234 	EXP 	fixation: autoDraw = True
167.8253 	INFO 	Keyboard events cleared
167.8245 	EXP 	fixation: autoDraw = False
167.8245 	EXP 	grating: autoDraw = True
168.1026 	DATA 	Keypress: a
168.1224 	EXP 	fixation: autoDraw = False
168.1224 	EXP 	grating: autoDraw = False
168.1224 	EXP 	text: autoDraw = True
169.1221 	EXP 	text: autoDraw = False
169.1280 	EXP 	4-13_SEPT_Orientation_Discrimination_Task: status = STOPPED
169.1974 	INFO 	saved data to 'C:\\Users\\Lenovo\\Documents\\MON 2024-25\\FULL_TERM\\PSY-310_LAB_IN_PSYCHOLOGY\\4-13_SEPTEMBER_ORIENTATION_DISCRIMINATION\\data/01AK_4-13_SEPT_Orientation_Discrimination_Task_2024-09-14_22h43.01.297.csv'
169.1996 	INFO 	saved data to C:\Users\Lenovo\Documents\MON 2024-25\FULL_TERM\PSY-310_LAB_IN_PSYCHOLOGY\4-13_SEPTEMBER_ORIENTATION_DISCRIMINATION\data/01AK_4-13_SEPT_Orientation_Discrimination_Task_2024-09-14_22h43.01.297.psydat
169.2729 	EXP 	window1: mouseVisible = True
169.7617 	DEBUG 	Saving data for 4-13_SEPT_Orientation_Discrimination_Task ExperimentHandler
